[   419.197] 
X.Org X Server 1.21.1.13
X Protocol Version 11, Revision 0
[   419.197] Current Operating System: Linux aetherius 6.9.3-arch1-1 #1 SMP PREEMPT_DYNAMIC Fri, 31 May 2024 15:14:45 +0000 x86_64
[   419.197] Kernel command line: BOOT_IMAGE=/boot/vmlinuz-linux root=UUID=93572964-1ef5-42b0-8dfe-254e913fcfb9 rw loglevel=3 quiet nvidia-drm.modeset=1
[   419.197]  
[   419.197] Current version of pixman: 0.43.4
[   419.197] 	Before reporting problems, check http://wiki.x.org
	to make sure that you have the latest version.
[   419.197] Markers: (--) probed, (**) from config file, (==) default setting,
	(++) from command line, (!!) notice, (II) informational,
	(WW) warning, (EE) error, (NI) not implemented, (??) unknown.
[   419.197] (==) Log file: "/home/bugs/.local/share/xorg/Xorg.1.log", Time: Fri Jun 14 11:00:27 2024
[   419.198] (==) Using config directory: "/etc/X11/xorg.conf.d"
[   419.198] (==) Using system config directory "/usr/share/X11/xorg.conf.d"
[   419.198] (==) No Layout section.  Using the first Screen section.
[   419.198] (==) No screen section available. Using defaults.
[   419.198] (**) |-->Screen "Default Screen Section" (0)
[   419.198] (**) |   |-->Monitor "<default monitor>"
[   419.198] (==) No monitor specified for screen "Default Screen Section".
	Using a default monitor configuration.
[   419.198] (**) Allowing byte-swapped clients
[   419.198] (==) Automatically adding devices
[   419.198] (==) Automatically enabling devices
[   419.198] (==) Automatically adding GPU devices
[   419.198] (==) Automatically binding GPU devices
[   419.198] (==) Max clients allowed: 256, resource mask: 0x1fffff
[   419.198] (WW) The directory "/usr/share/fonts/Type1" does not exist.
[   419.198] 	Entry deleted from font path.
[   419.198] (==) FontPath set to:
	/usr/share/fonts/misc,
	/usr/share/fonts/TTF,
	/usr/share/fonts/OTF,
	/usr/share/fonts/100dpi,
	/usr/share/fonts/75dpi
[   419.198] (==) ModulePath set to "/usr/lib/xorg/modules"
[   419.198] (II) The server relies on udev to provide the list of input devices.
	If no devices become available, reconfigure udev or disable AutoAddDevices.
[   419.198] (II) Module ABI versions:
[   419.198] 	X.Org ANSI C Emulation: 0.4
[   419.198] 	X.Org Video Driver: 25.2
[   419.198] 	X.Org XInput driver : 24.4
[   419.198] 	X.Org Server Extension : 10.0
[   419.199] (++) using VT number 3

[   419.200] (II) systemd-logind: took control of session /org/freedesktop/login1/session/_32
[   419.202] (II) xfree86: Adding drm device (/dev/dri/card0)
[   419.202] (II) Platform probe for /sys/devices/pci0000:00/0000:00:08.1/0000:03:00.0/drm/card0
[   419.207] (II) systemd-logind: got fd for /dev/dri/card0 226:0 fd 13 paused 0
[   419.213] (--) PCI:*(3@0:0:0) 1002:15d8:1043:1fcf rev 196, Mem @ 0xe0000000/268435456, 0xf0000000/2097152, 0xfcc00000/524288, I/O @ 0x0000f000/256
[   419.213] (WW) Open ACPI failed (/var/run/acpid.socket) (No such file or directory)
[   419.213] (II) LoadModule: "glx"
[   419.214] (II) Loading /usr/lib/xorg/modules/extensions/libglx.so
[   419.216] (II) Module glx: vendor="X.Org Foundation"
[   419.216] 	compiled for 1.21.1.13, module version = 1.0.0
[   419.216] 	ABI class: X.Org Server Extension, version 10.0
[   419.216] (==) Matched ati as autoconfigured driver 0
[   419.216] (==) Matched modesetting as autoconfigured driver 1
[   419.216] (==) Matched fbdev as autoconfigured driver 2
[   419.216] (==) Matched vesa as autoconfigured driver 3
[   419.216] (==) Assigned the driver to the xf86ConfigLayout
[   419.216] (II) LoadModule: "ati"
[   419.216] (WW) Warning, couldn't open module ati
[   419.216] (EE) Failed to load module "ati" (module does not exist, 0)
[   419.216] (II) LoadModule: "modesetting"
[   419.216] (II) Loading /usr/lib/xorg/modules/drivers/modesetting_drv.so
[   419.217] (II) Module modesetting: vendor="X.Org Foundation"
[   419.217] 	compiled for 1.21.1.13, module version = 1.21.1
[   419.217] 	Module class: X.Org Video Driver
[   419.217] 	ABI class: X.Org Video Driver, version 25.2
[   419.217] (II) LoadModule: "fbdev"
[   419.217] (WW) Warning, couldn't open module fbdev
[   419.217] (EE) Failed to load module "fbdev" (module does not exist, 0)
[   419.217] (II) LoadModule: "vesa"
[   419.217] (II) Loading /usr/lib/xorg/modules/drivers/vesa_drv.so
[   419.217] (II) Module vesa: vendor="X.Org Foundation"
[   419.217] 	compiled for 1.21.1.11, module version = 2.6.0
[   419.217] 	Module class: X.Org Video Driver
[   419.217] 	ABI class: X.Org Video Driver, version 25.2
[   419.217] (II) modesetting: Driver for Modesetting Kernel Drivers: kms
[   419.217] (II) VESA: driver for VESA chipsets: vesa
[   419.218] xf86EnableIO: failed to enable I/O ports 0000-03ff (Operation not permitted)
[   419.218] (II) modeset(0): using drv /dev/dri/card0
[   419.218] (WW) VGA arbiter: cannot open kernel arbiter, no multi-card support
[   419.218] (II) modeset(0): Creating default Display subsection in Screen section
	"Default Screen Section" for depth/fbbpp 24/32
[   419.218] (==) modeset(0): Depth 24, (==) framebuffer bpp 32
[   419.218] (==) modeset(0): RGB weight 888
[   419.218] (==) modeset(0): Default visual is TrueColor
[   419.218] (II) Loading sub module "glamoregl"
[   419.218] (II) LoadModule: "glamoregl"
[   419.218] (II) Loading /usr/lib/xorg/modules/libglamoregl.so
[   419.222] (II) Module glamoregl: vendor="X.Org Foundation"
[   419.222] 	compiled for 1.21.1.13, module version = 1.0.1
[   419.222] 	ABI class: X.Org ANSI C Emulation, version 0.4
[   419.273] (II) modeset(0): glamor X acceleration enabled on AMD Radeon Vega 3 Graphics (radeonsi, raven2, LLVM 17.0.6, DRM 3.57, 6.9.3-arch1-1)
[   419.273] (II) modeset(0): glamor initialized
[   419.273] (==) modeset(0): VariableRefresh: disabled
[   419.273] (==) modeset(0): AsyncFlipSecondaries: disabled
[   419.277] (II) modeset(0): Output eDP-1 has no monitor section
[   419.277] (II) modeset(0): Output HDMI-1 has no monitor section
[   419.281] (II) modeset(0): EDID for output eDP-1
[   419.281] (II) modeset(0): Manufacturer: BOE  Model: 903  Serial#: 0
[   419.281] (II) modeset(0): Year: 2019  Week: 49
[   419.281] (II) modeset(0): EDID Version: 1.4
[   419.281] (II) modeset(0): Digital Display Input
[   419.281] (II) modeset(0): 8 bits per channel
[   419.281] (II) modeset(0): Digital interface is DisplayPort
[   419.281] (II) modeset(0): Max Image Size [cm]: horiz.: 34  vert.: 19
[   419.281] (II) modeset(0): Gamma: 2.20
[   419.281] (II) modeset(0): No DPMS capabilities specified
[   419.281] (II) modeset(0): Supported color encodings: RGB 4:4:4 
[   419.281] (II) modeset(0): First detailed timing is preferred mode
[   419.281] (II) modeset(0): Preferred mode is native pixel format and refresh rate
[   419.281] (II) modeset(0): redX: 0.572 redY: 0.358   greenX: 0.351 greenY: 0.579
[   419.281] (II) modeset(0): blueX: 0.167 blueY: 0.126   whiteX: 0.313 whiteY: 0.329
[   419.281] (II) modeset(0): Manufacturer's mask: 0
[   419.281] (II) modeset(0): Supported detailed timing:
[   419.281] (II) modeset(0): clock: 155.2 MHz   Image Size:  344 x 194 mm
[   419.281] (II) modeset(0): h_active: 1920  h_sync: 1968  h_sync_end 2000 h_blank_end 2230 h_border: 0
[   419.281] (II) modeset(0): v_active: 1080  v_sync: 1083  v_sync_end 1089 v_blanking: 1160 v_border: 0
[   419.281] (II) modeset(0):  BOE CQ
[   419.281] (II) modeset(0):  NT156FHM-N62
[   419.281] (II) modeset(0): EDID (in hex):
[   419.281] (II) modeset(0): 	00ffffffffffff0009e5030900000000
[   419.281] (II) modeset(0): 	311d0104a522137802bdd5925b59942a
[   419.281] (II) modeset(0): 	20505400000001010101010101010101
[   419.281] (II) modeset(0): 	010101010101a13c8036713850403020
[   419.281] (II) modeset(0): 	360058c21000001a0000000000000000
[   419.281] (II) modeset(0): 	00000000000000000000000000fe0042
[   419.281] (II) modeset(0): 	4f452043510a202020202020000000fe
[   419.281] (II) modeset(0): 	004e5431353646484d2d4e36320a000f
[   419.282] (II) modeset(0): Printing probed modes for output eDP-1
[   419.282] (II) modeset(0): Modeline "1920x1080"x60.0  155.21  1920 1968 2000 2230  1080 1083 1089 1160 +hsync -vsync (69.6 kHz eP)
[   419.282] (II) modeset(0): Modeline "1920x1080"x119.9  266.50  1920 1944 1960 2000  1080 1081 1084 1111 doublescan +hsync -vsync (133.2 kHz d)
[   419.282] (II) modeset(0): Modeline "1920x1080"x60.0  173.00  1920 2048 2248 2576  1080 1083 1088 1120 -hsync +vsync (67.2 kHz d)
[   419.282] (II) modeset(0): Modeline "1920x1080"x59.9  138.50  1920 1968 2000 2080  1080 1083 1088 1111 +hsync -vsync (66.6 kHz d)
[   419.282] (II) modeset(0): Modeline "1680x1050"x60.0  155.21  1680 1968 2000 2230  1050 1083 1089 1160 +hsync -vsync (69.6 kHz e)
[   419.282] (II) modeset(0): Modeline "1680x1050"x60.0  146.25  1680 1784 1960 2240  1050 1053 1059 1089 -hsync +vsync (65.3 kHz d)
[   419.282] (II) modeset(0): Modeline "1680x1050"x59.9  119.00  1680 1728 1760 1840  1050 1053 1059 1080 +hsync -vsync (64.7 kHz d)
[   419.282] (II) modeset(0): Modeline "1400x1050"x60.0  122.00  1400 1488 1640 1880  1050 1052 1064 1082 +hsync +vsync (64.9 kHz d)
[   419.282] (II) modeset(0): Modeline "1600x900"x120.0  246.00  1600 1728 1900 2200  900 901 904 932 doublescan -hsync +vsync (111.8 kHz d)
[   419.282] (II) modeset(0): Modeline "1600x900"x119.9  186.50  1600 1624 1640 1680  900 901 904 926 doublescan +hsync -vsync (111.0 kHz d)
[   419.282] (II) modeset(0): Modeline "1600x900"x59.9  118.25  1600 1696 1856 2112  900 903 908 934 -hsync +vsync (56.0 kHz d)
[   419.282] (II) modeset(0): Modeline "1600x900"x59.8   97.50  1600 1648 1680 1760  900 903 908 926 +hsync -vsync (55.4 kHz d)
[   419.282] (II) modeset(0): Modeline "1280x1024"x60.0  155.21  1280 1968 2000 2230  1024 1083 1089 1160 +hsync -vsync (69.6 kHz e)
[   419.282] (II) modeset(0): Modeline "1280x1024"x60.0  108.00  1280 1328 1440 1688  1024 1025 1028 1066 +hsync +vsync (64.0 kHz d)
[   419.282] (II) modeset(0): Modeline "1440x900"x60.0  155.21  1440 1968 2000 2230  900 1083 1089 1160 +hsync -vsync (69.6 kHz e)
[   419.282] (II) modeset(0): Modeline "1400x900"x60.0  103.50  1400 1480 1624 1848  900 903 913 934 -hsync +vsync (56.0 kHz d)
[   419.282] (II) modeset(0): Modeline "1400x900"x59.9   86.50  1400 1448 1480 1560  900 903 913 926 +hsync -vsync (55.4 kHz d)
[   419.282] (II) modeset(0): Modeline "1280x960"x60.0  108.00  1280 1376 1488 1800  960 961 964 1000 +hsync +vsync (60.0 kHz d)
[   419.282] (II) modeset(0): Modeline "1440x810"x120.0  198.12  1440 1548 1704 1968  810 811 814 839 doublescan -hsync +vsync (100.7 kHz d)
[   419.282] (II) modeset(0): Modeline "1440x810"x119.9  151.88  1440 1464 1480 1520  810 811 814 833 doublescan +hsync -vsync (99.9 kHz d)
[   419.282] (II) modeset(0): Modeline "1368x768"x59.9   85.25  1368 1440 1576 1784  768 771 781 798 -hsync +vsync (47.8 kHz d)
[   419.282] (II) modeset(0): Modeline "1368x768"x59.9   72.25  1368 1416 1448 1528  768 771 781 790 +hsync -vsync (47.3 kHz d)
[   419.282] (II) modeset(0): Modeline "1280x800"x120.0  174.25  1280 1380 1516 1752  800 801 804 829 doublescan -hsync +vsync (99.5 kHz d)
[   419.282] (II) modeset(0): Modeline "1280x800"x60.0  155.21  1280 1968 2000 2230  800 1083 1089 1160 +hsync -vsync (69.6 kHz e)
[   419.282] (II) modeset(0): Modeline "1280x800"x119.9  134.25  1280 1304 1320 1360  800 801 804 823 doublescan +hsync -vsync (98.7 kHz d)
[   419.282] (II) modeset(0): Modeline "1280x800"x59.8   83.50  1280 1352 1480 1680  800 803 809 831 -hsync +vsync (49.7 kHz d)
[   419.282] (II) modeset(0): Modeline "1280x800"x59.9   71.00  1280 1328 1360 1440  800 803 809 823 +hsync -vsync (49.3 kHz d)
[   419.282] (II) modeset(0): Modeline "1280x720"x120.0  156.12  1280 1376 1512 1744  720 721 724 746 doublescan -hsync +vsync (89.5 kHz d)
[   419.282] (II) modeset(0): Modeline "1280x720"x60.0  155.21  1280 1968 2000 2230  720 1083 1089 1160 +hsync -vsync (69.6 kHz e)
[   419.282] (II) modeset(0): Modeline "1280x720"x120.0  120.75  1280 1304 1320 1360  720 721 724 740 doublescan +hsync -vsync (88.8 kHz d)
[   419.282] (II) modeset(0): Modeline "1280x720"x59.9   74.50  1280 1344 1472 1664  720 723 728 748 -hsync +vsync (44.8 kHz d)
[   419.282] (II) modeset(0): Modeline "1280x720"x59.7   63.75  1280 1328 1360 1440  720 723 728 741 +hsync -vsync (44.3 kHz d)
[   419.282] (II) modeset(0): Modeline "1024x768"x60.0  155.21  1024 1968 2000 2230  768 1083 1089 1160 +hsync -vsync (69.6 kHz e)
[   419.282] (II) modeset(0): Modeline "1024x768"x120.1  133.47  1024 1100 1212 1400  768 768 770 794 doublescan -hsync +vsync (95.3 kHz d)
[   419.282] (II) modeset(0): Modeline "1024x768"x60.0   65.00  1024 1048 1184 1344  768 771 777 806 -hsync -vsync (48.4 kHz d)
[   419.282] (II) modeset(0): Modeline "960x720"x120.0  117.00  960 1024 1128 1300  720 720 722 750 doublescan -hsync +vsync (90.0 kHz d)
[   419.282] (II) modeset(0): Modeline "928x696"x120.1  109.15  928 976 1088 1264  696 696 698 719 doublescan -hsync +vsync (86.4 kHz d)
[   419.282] (II) modeset(0): Modeline "896x672"x120.0  102.40  896 960 1060 1224  672 672 674 697 doublescan -hsync +vsync (83.7 kHz d)
[   419.282] (II) modeset(0): Modeline "1024x576"x119.9   98.50  1024 1092 1200 1376  576 577 580 597 doublescan -hsync +vsync (71.6 kHz d)
[   419.282] (II) modeset(0): Modeline "1024x576"x119.9   78.38  1024 1048 1064 1104  576 577 580 592 doublescan +hsync -vsync (71.0 kHz d)
[   419.282] (II) modeset(0): Modeline "1024x576"x59.9   46.50  1024 1064 1160 1296  576 579 584 599 -hsync +vsync (35.9 kHz d)
[   419.282] (II) modeset(0): Modeline "1024x576"x59.8   42.00  1024 1072 1104 1184  576 579 584 593 +hsync -vsync (35.5 kHz d)
[   419.282] (II) modeset(0): Modeline "960x600"x119.9   96.62  960 1028 1128 1296  600 601 604 622 doublescan -hsync +vsync (74.6 kHz d)
[   419.282] (II) modeset(0): Modeline "960x600"x120.0   77.00  960 984 1000 1040  600 601 604 617 doublescan +hsync -vsync (74.0 kHz d)
[   419.282] (II) modeset(0): Modeline "960x540"x119.9   86.50  960 1024 1124 1288  540 541 544 560 doublescan -hsync +vsync (67.2 kHz d)
[   419.282] (II) modeset(0): Modeline "960x540"x120.0   69.25  960 984 1000 1040  540 541 544 555 doublescan +hsync -vsync (66.6 kHz d)
[   419.282] (II) modeset(0): Modeline "960x540"x59.6   40.75  960 992 1088 1216  540 543 548 562 -hsync +vsync (33.5 kHz d)
[   419.282] (II) modeset(0): Modeline "960x540"x59.8   37.25  960 1008 1040 1120  540 543 548 556 +hsync -vsync (33.3 kHz d)
[   419.282] (II) modeset(0): Modeline "800x600"x60.0  155.21  800 1968 2000 2230  600 1083 1089 1160 +hsync -vsync (69.6 kHz e)
[   419.282] (II) modeset(0): Modeline "800x600"x120.0   81.00  800 832 928 1080  600 600 602 625 doublescan +hsync +vsync (75.0 kHz d)
[   419.282] (II) modeset(0): Modeline "800x600"x60.3   40.00  800 840 968 1056  600 601 605 628 +hsync +vsync (37.9 kHz d)
[   419.282] (II) modeset(0): Modeline "800x600"x56.2   36.00  800 824 896 1024  600 601 603 625 +hsync +vsync (35.2 kHz d)
[   419.282] (II) modeset(0): Modeline "840x525"x120.0   73.12  840 892 980 1120  525 526 529 544 doublescan -hsync +vsync (65.3 kHz d)
[   419.282] (II) modeset(0): Modeline "840x525"x119.8   59.50  840 864 880 920  525 526 529 540 doublescan +hsync -vsync (64.7 kHz d)
[   419.282] (II) modeset(0): Modeline "864x486"x59.9   32.50  864 888 968 1072  486 489 494 506 -hsync +vsync (30.3 kHz d)
[   419.282] (II) modeset(0): Modeline "864x486"x59.6   30.50  864 912 944 1024  486 489 494 500 +hsync -vsync (29.8 kHz d)
[   419.282] (II) modeset(0): Modeline "700x525"x120.0   61.00  700 744 820 940  525 526 532 541 doublescan +hsync +vsync (64.9 kHz d)
[   419.282] (II) modeset(0): Modeline "800x450"x119.9   59.12  800 848 928 1056  450 451 454 467 doublescan -hsync +vsync (56.0 kHz d)
[   419.282] (II) modeset(0): Modeline "800x450"x119.6   48.75  800 824 840 880  450 451 454 463 doublescan +hsync -vsync (55.4 kHz d)
[   419.282] (II) modeset(0): Modeline "640x512"x120.0   54.00  640 664 720 844  512 512 514 533 doublescan +hsync +vsync (64.0 kHz d)
[   419.282] (II) modeset(0): Modeline "700x450"x119.9   51.75  700 740 812 924  450 451 456 467 doublescan -hsync +vsync (56.0 kHz d)
[   419.282] (II) modeset(0): Modeline "700x450"x119.8   43.25  700 724 740 780  450 451 456 463 doublescan +hsync -vsync (55.4 kHz d)
[   419.282] (II) modeset(0): Modeline "640x480"x60.0  155.21  640 1968 2000 2230  480 1083 1089 1160 +hsync -vsync (69.6 kHz e)
[   419.282] (II) modeset(0): Modeline "640x480"x120.0   54.00  640 688 744 900  480 480 482 500 doublescan +hsync +vsync (60.0 kHz d)
[   419.282] (II) modeset(0): Modeline "640x480"x59.9   25.18  640 656 752 800  480 490 492 525 -hsync -vsync (31.5 kHz d)
[   419.282] (II) modeset(0): Modeline "720x405"x59.5   22.50  720 744 808 896  405 408 413 422 -hsync +vsync (25.1 kHz d)
[   419.282] (II) modeset(0): Modeline "720x405"x59.0   21.75  720 768 800 880  405 408 413 419 +hsync -vsync (24.7 kHz d)
[   419.282] (II) modeset(0): Modeline "684x384"x119.8   42.62  684 720 788 892  384 385 390 399 doublescan -hsync +vsync (47.8 kHz d)
[   419.282] (II) modeset(0): Modeline "684x384"x119.7   36.12  684 708 724 764  384 385 390 395 doublescan +hsync -vsync (47.3 kHz d)
[   419.282] (II) modeset(0): Modeline "640x400"x119.8   41.75  640 676 740 840  400 401 404 415 doublescan -hsync +vsync (49.7 kHz d)
[   419.282] (II) modeset(0): Modeline "640x400"x120.0   35.50  640 664 680 720  400 401 404 411 doublescan +hsync -vsync (49.3 kHz d)
[   419.282] (II) modeset(0): Modeline "640x360"x119.7   37.25  640 672 736 832  360 361 364 374 doublescan -hsync +vsync (44.8 kHz d)
[   419.282] (II) modeset(0): Modeline "640x360"x119.7   31.88  640 664 680 720  360 361 364 370 doublescan +hsync -vsync (44.3 kHz d)
[   419.282] (II) modeset(0): Modeline "640x360"x59.8   18.00  640 664 720 800  360 363 368 376 -hsync +vsync (22.5 kHz d)
[   419.282] (II) modeset(0): Modeline "640x360"x59.3   17.75  640 688 720 800  360 363 368 374 +hsync -vsync (22.2 kHz d)
[   419.282] (II) modeset(0): Modeline "512x384"x120.0   32.50  512 524 592 672  384 385 388 403 doublescan -hsync -vsync (48.4 kHz d)
[   419.282] (II) modeset(0): Modeline "512x288"x120.0   23.25  512 532 580 648  288 289 292 299 doublescan -hsync +vsync (35.9 kHz d)
[   419.282] (II) modeset(0): Modeline "512x288"x119.8   21.00  512 536 552 592  288 289 292 296 doublescan +hsync -vsync (35.5 kHz d)
[   419.282] (II) modeset(0): Modeline "480x270"x119.3   20.38  480 496 544 608  270 271 274 281 doublescan -hsync +vsync (33.5 kHz d)
[   419.282] (II) modeset(0): Modeline "480x270"x119.6   18.62  480 504 520 560  270 271 274 278 doublescan +hsync -vsync (33.3 kHz d)
[   419.282] (II) modeset(0): Modeline "400x300"x120.6   20.00  400 420 484 528  300 300 302 314 doublescan +hsync +vsync (37.9 kHz d)
[   419.282] (II) modeset(0): Modeline "400x300"x112.7   18.00  400 412 448 512  300 300 301 312 doublescan +hsync +vsync (35.2 kHz d)
[   419.282] (II) modeset(0): Modeline "432x243"x119.8   16.25  432 444 484 536  243 244 247 253 doublescan -hsync +vsync (30.3 kHz d)
[   419.282] (II) modeset(0): Modeline "432x243"x119.1   15.25  432 456 472 512  243 244 247 250 doublescan +hsync -vsync (29.8 kHz d)
[   419.282] (II) modeset(0): Modeline "320x240"x120.1   12.59  320 328 376 400  240 245 246 262 doublescan -hsync -vsync (31.5 kHz d)
[   419.282] (II) modeset(0): Modeline "360x202"x119.0   11.25  360 372 404 448  202 204 206 211 doublescan -hsync +vsync (25.1 kHz d)
[   419.282] (II) modeset(0): Modeline "360x202"x118.3   10.88  360 384 400 440  202 204 206 209 doublescan +hsync -vsync (24.7 kHz d)
[   419.282] (II) modeset(0): Modeline "320x180"x119.7    9.00  320 332 360 400  180 181 184 188 doublescan -hsync +vsync (22.5 kHz d)
[   419.282] (II) modeset(0): Modeline "320x180"x118.6    8.88  320 344 360 400  180 181 184 187 doublescan +hsync -vsync (22.2 kHz d)
[   419.282] (II) modeset(0): EDID for output HDMI-1
[   419.282] (II) modeset(0): Output eDP-1 connected
[   419.282] (II) modeset(0): Output HDMI-1 disconnected
[   419.282] (II) modeset(0): Using exact sizes for initial modes
[   419.282] (II) modeset(0): Output eDP-1 using initial mode 1920x1080 +0+0
[   419.282] (==) modeset(0): Using gamma correction (1.0, 1.0, 1.0)
[   419.282] (==) modeset(0): DPI set to (96, 96)
[   419.282] (II) Loading sub module "fb"
[   419.282] (II) LoadModule: "fb"
[   419.282] (II) Module "fb" already built-in
[   419.282] (II) UnloadModule: "vesa"
[   419.282] (II) Unloading vesa
[   419.315] (==) modeset(0): Backing store enabled
[   419.315] (==) modeset(0): Silken mouse enabled
[   419.316] (II) modeset(0): Initializing kms color map for depth 24, 8 bpc.
[   419.316] (==) modeset(0): DPMS enabled
[   419.316] (II) modeset(0): [DRI2] Setup complete
[   419.316] (II) modeset(0): [DRI2]   DRI driver: radeonsi
[   419.316] (II) modeset(0): [DRI2]   VDPAU driver: radeonsi
[   419.316] (II) Initializing extension Generic Event Extension
[   419.316] (II) Initializing extension SHAPE
[   419.316] (II) Initializing extension MIT-SHM
[   419.316] (II) Initializing extension XInputExtension
[   419.317] (II) Initializing extension XTEST
[   419.317] (II) Initializing extension BIG-REQUESTS
[   419.317] (II) Initializing extension SYNC
[   419.317] (II) Initializing extension XKEYBOARD
[   419.317] (II) Initializing extension XC-MISC
[   419.317] (II) Initializing extension SECURITY
[   419.317] (II) Initializing extension XFIXES
[   419.317] (II) Initializing extension RENDER
[   419.317] (II) Initializing extension RANDR
[   419.318] (II) Initializing extension COMPOSITE
[   419.318] (II) Initializing extension DAMAGE
[   419.318] (II) Initializing extension MIT-SCREEN-SAVER
[   419.318] (II) Initializing extension DOUBLE-BUFFER
[   419.318] (II) Initializing extension RECORD
[   419.318] (II) Initializing extension DPMS
[   419.318] (II) Initializing extension Present
[   419.318] (II) Initializing extension DRI3
[   419.318] (II) Initializing extension X-Resource
[   419.318] (II) Initializing extension XVideo
[   419.319] (II) Initializing extension XVideo-MotionCompensation
[   419.319] (II) Initializing extension GLX
[   419.326] (II) AIGLX: Loaded and initialized radeonsi
[   419.326] (II) GLX: Initialized DRI2 GL provider for screen 0
[   419.326] (II) Initializing extension XFree86-VidModeExtension
[   419.326] (II) Initializing extension XFree86-DGA
[   419.326] (II) Initializing extension XFree86-DRI
[   419.326] (II) Initializing extension DRI2
[   419.327] (II) modeset(0): Damage tracking initialized
[   419.327] (II) modeset(0): Setting screen physical size to 508 x 285
[   419.457] (II) config/udev: Adding input device Power Button (/dev/input/event2)
[   419.457] (**) Power Button: Applying InputClass "libinput keyboard catchall"
[   419.457] (**) Power Button: Applying InputClass "system-keyboard"
[   419.457] (II) LoadModule: "libinput"
[   419.457] (II) Loading /usr/lib/xorg/modules/input/libinput_drv.so
[   419.459] (II) Module libinput: vendor="X.Org Foundation"
[   419.459] 	compiled for 1.21.1.8, module version = 1.4.0
[   419.459] 	Module class: X.Org XInput Driver
[   419.459] 	ABI class: X.Org XInput driver, version 24.4
[   419.459] (II) Using input driver 'libinput' for 'Power Button'
[   419.460] (II) systemd-logind: got fd for /dev/input/event2 13:66 fd 26 paused 0
[   419.460] (**) Power Button: always reports core events
[   419.460] (**) Option "Device" "/dev/input/event2"
[   419.463] (II) event2  - Power Button: is tagged by udev as: Keyboard
[   419.463] (II) event2  - Power Button: device is a keyboard
[   419.463] (II) event2  - Power Button: device removed
[   419.463] (**) Option "config_info" "udev:/sys/devices/LNXSYSTM:00/LNXPWRBN:00/input/input2/event2"
[   419.463] (II) XINPUT: Adding extended input device "Power Button" (type: KEYBOARD, id 6)
[   419.463] (**) Option "xkb_layout" "us"
[   419.464] (II) event2  - Power Button: is tagged by udev as: Keyboard
[   419.464] (II) event2  - Power Button: device is a keyboard
[   419.466] (II) config/udev: Adding input device Video Bus (/dev/input/event3)
[   419.466] (**) Video Bus: Applying InputClass "libinput keyboard catchall"
[   419.466] (**) Video Bus: Applying InputClass "system-keyboard"
[   419.466] (II) Using input driver 'libinput' for 'Video Bus'
[   419.467] (II) systemd-logind: got fd for /dev/input/event3 13:67 fd 29 paused 0
[   419.467] (**) Video Bus: always reports core events
[   419.467] (**) Option "Device" "/dev/input/event3"
[   419.469] (II) event3  - Video Bus: is tagged by udev as: Keyboard
[   419.469] (II) event3  - Video Bus: device is a keyboard
[   419.469] (II) event3  - Video Bus: device removed
[   419.469] (**) Option "config_info" "udev:/sys/devices/LNXSYSTM:00/LNXSYBUS:00/PNP0A08:00/device:11/LNXVIDEO:00/input/input3/event3"
[   419.469] (II) XINPUT: Adding extended input device "Video Bus" (type: KEYBOARD, id 7)
[   419.469] (**) Option "xkb_layout" "us"
[   419.470] (II) event3  - Video Bus: is tagged by udev as: Keyboard
[   419.471] (II) event3  - Video Bus: device is a keyboard
[   419.472] (II) config/udev: Adding input device Lid Switch (/dev/input/event0)
[   419.472] (II) No input driver specified, ignoring this device.
[   419.472] (II) This device may have been added with another device file.
[   419.472] (II) config/udev: Adding input device Power Button (/dev/input/event1)
[   419.472] (**) Power Button: Applying InputClass "libinput keyboard catchall"
[   419.472] (**) Power Button: Applying InputClass "system-keyboard"
[   419.472] (II) Using input driver 'libinput' for 'Power Button'
[   419.473] (II) systemd-logind: got fd for /dev/input/event1 13:65 fd 30 paused 0
[   419.473] (**) Power Button: always reports core events
[   419.473] (**) Option "Device" "/dev/input/event1"
[   419.474] (II) event1  - Power Button: is tagged by udev as: Keyboard
[   419.474] (II) event1  - Power Button: device is a keyboard
[   419.474] (II) event1  - Power Button: device removed
[   419.474] (**) Option "config_info" "udev:/sys/devices/LNXSYSTM:00/LNXSYBUS:00/PNP0C0C:00/input/input1/event1"
[   419.474] (II) XINPUT: Adding extended input device "Power Button" (type: KEYBOARD, id 8)
[   419.474] (**) Option "xkb_layout" "us"
[   419.476] (II) event1  - Power Button: is tagged by udev as: Keyboard
[   419.476] (II) event1  - Power Button: device is a keyboard
[   419.477] (II) config/udev: Adding input device HD-Audio Generic HDMI/DP,pcm=3 (/dev/input/event12)
[   419.477] (II) No input driver specified, ignoring this device.
[   419.477] (II) This device may have been added with another device file.
[   419.478] (II) config/udev: Adding input device SIGMACHIP USB Keyboard (/dev/input/event5)
[   419.478] (**) SIGMACHIP USB Keyboard: Applying InputClass "libinput keyboard catchall"
[   419.478] (**) SIGMACHIP USB Keyboard: Applying InputClass "system-keyboard"
[   419.478] (II) Using input driver 'libinput' for 'SIGMACHIP USB Keyboard'
[   419.479] (II) systemd-logind: got fd for /dev/input/event5 13:69 fd 31 paused 0
[   419.479] (**) SIGMACHIP USB Keyboard: always reports core events
[   419.479] (**) Option "Device" "/dev/input/event5"
[   419.481] (II) event5  - SIGMACHIP USB Keyboard: is tagged by udev as: Keyboard
[   419.481] (II) event5  - SIGMACHIP USB Keyboard: device is a keyboard
[   419.482] (II) event5  - SIGMACHIP USB Keyboard: device removed
[   419.482] (**) Option "config_info" "udev:/sys/devices/pci0000:00/0000:00:08.1/0000:03:00.3/usb1/1-3/1-3:1.0/0003:1C4F:0002.0001/input/input5/event5"
[   419.482] (II) XINPUT: Adding extended input device "SIGMACHIP USB Keyboard" (type: KEYBOARD, id 9)
[   419.482] (**) Option "xkb_layout" "us"
[   419.484] (II) event5  - SIGMACHIP USB Keyboard: is tagged by udev as: Keyboard
[   419.484] (II) event5  - SIGMACHIP USB Keyboard: device is a keyboard
[   419.485] (II) config/udev: Adding input device SIGMACHIP USB Keyboard Consumer Control (/dev/input/event6)
[   419.486] (**) SIGMACHIP USB Keyboard Consumer Control: Applying InputClass "libinput keyboard catchall"
[   419.486] (**) SIGMACHIP USB Keyboard Consumer Control: Applying InputClass "system-keyboard"
[   419.486] (II) Using input driver 'libinput' for 'SIGMACHIP USB Keyboard Consumer Control'
[   419.487] (II) systemd-logind: got fd for /dev/input/event6 13:70 fd 32 paused 0
[   419.487] (**) SIGMACHIP USB Keyboard Consumer Control: always reports core events
[   419.487] (**) Option "Device" "/dev/input/event6"
[   419.489] (II) event6  - SIGMACHIP USB Keyboard Consumer Control: is tagged by udev as: Keyboard
[   419.489] (II) event6  - SIGMACHIP USB Keyboard Consumer Control: device is a keyboard
[   419.489] (II) event6  - SIGMACHIP USB Keyboard Consumer Control: device removed
[   419.489] (II) libinput: SIGMACHIP USB Keyboard Consumer Control: needs a virtual subdevice
[   419.489] (**) Option "config_info" "udev:/sys/devices/pci0000:00/0000:00:08.1/0000:03:00.3/usb1/1-3/1-3:1.1/0003:1C4F:0002.0002/input/input6/event6"
[   419.489] (II) XINPUT: Adding extended input device "SIGMACHIP USB Keyboard Consumer Control" (type: MOUSE, id 10)
[   419.489] (**) Option "AccelerationScheme" "none"
[   419.489] (**) SIGMACHIP USB Keyboard Consumer Control: (accel) selected scheme none/0
[   419.490] (**) SIGMACHIP USB Keyboard Consumer Control: (accel) acceleration factor: 2.000
[   419.490] (**) SIGMACHIP USB Keyboard Consumer Control: (accel) acceleration threshold: 4
[   419.492] (II) event6  - SIGMACHIP USB Keyboard Consumer Control: is tagged by udev as: Keyboard
[   419.492] (II) event6  - SIGMACHIP USB Keyboard Consumer Control: device is a keyboard
[   419.493] (II) config/udev: Adding input device SIGMACHIP USB Keyboard System Control (/dev/input/event7)
[   419.493] (**) SIGMACHIP USB Keyboard System Control: Applying InputClass "libinput keyboard catchall"
[   419.493] (**) SIGMACHIP USB Keyboard System Control: Applying InputClass "system-keyboard"
[   419.493] (II) Using input driver 'libinput' for 'SIGMACHIP USB Keyboard System Control'
[   419.494] (II) systemd-logind: got fd for /dev/input/event7 13:71 fd 33 paused 0
[   419.494] (**) SIGMACHIP USB Keyboard System Control: always reports core events
[   419.494] (**) Option "Device" "/dev/input/event7"
[   419.496] (II) event7  - SIGMACHIP USB Keyboard System Control: is tagged by udev as: Keyboard
[   419.496] (II) event7  - SIGMACHIP USB Keyboard System Control: device is a keyboard
[   419.496] (II) event7  - SIGMACHIP USB Keyboard System Control: device removed
[   419.496] (**) Option "config_info" "udev:/sys/devices/pci0000:00/0000:00:08.1/0000:03:00.3/usb1/1-3/1-3:1.1/0003:1C4F:0002.0002/input/input7/event7"
[   419.496] (II) XINPUT: Adding extended input device "SIGMACHIP USB Keyboard System Control" (type: KEYBOARD, id 11)
[   419.496] (**) Option "xkb_layout" "us"
[   419.498] (II) event7  - SIGMACHIP USB Keyboard System Control: is tagged by udev as: Keyboard
[   419.499] (II) event7  - SIGMACHIP USB Keyboard System Control: device is a keyboard
[   419.500] (II) config/udev: Adding input device PixArt HP USB Optical Mouse (/dev/input/event8)
[   419.500] (**) PixArt HP USB Optical Mouse: Applying InputClass "libinput pointer catchall"
[   419.500] (II) Using input driver 'libinput' for 'PixArt HP USB Optical Mouse'
[   419.501] (II) systemd-logind: got fd for /dev/input/event8 13:72 fd 34 paused 0
[   419.501] (**) PixArt HP USB Optical Mouse: always reports core events
[   419.501] (**) Option "Device" "/dev/input/event8"
[   419.503] (II) event8  - PixArt HP USB Optical Mouse: is tagged by udev as: Mouse
[   419.503] (II) event8  - PixArt HP USB Optical Mouse: device is a pointer
[   419.503] (II) event8  - PixArt HP USB Optical Mouse: device removed
[   419.503] (II) libinput: PixArt HP USB Optical Mouse: Step value 0 was provided, libinput Fallback acceleration function is used.
[   419.503] (II) libinput: PixArt HP USB Optical Mouse: Step value 0 was provided, libinput Fallback acceleration function is used.
[   419.503] (II) libinput: PixArt HP USB Optical Mouse: Step value 0 was provided, libinput Fallback acceleration function is used.
[   419.503] (**) Option "config_info" "udev:/sys/devices/pci0000:00/0000:00:08.1/0000:03:00.3/usb1/1-4/1-4:1.0/0003:03F0:094A.0003/input/input8/event8"
[   419.503] (II) XINPUT: Adding extended input device "PixArt HP USB Optical Mouse" (type: MOUSE, id 12)
[   419.504] (**) Option "AccelerationScheme" "none"
[   419.504] (**) PixArt HP USB Optical Mouse: (accel) selected scheme none/0
[   419.504] (**) PixArt HP USB Optical Mouse: (accel) acceleration factor: 2.000
[   419.504] (**) PixArt HP USB Optical Mouse: (accel) acceleration threshold: 4
[   419.506] (II) event8  - PixArt HP USB Optical Mouse: is tagged by udev as: Mouse
[   419.506] (II) event8  - PixArt HP USB Optical Mouse: device is a pointer
[   419.507] (II) config/udev: Adding input device PixArt HP USB Optical Mouse (/dev/input/mouse0)
[   419.507] (II) No input driver specified, ignoring this device.
[   419.507] (II) This device may have been added with another device file.
[   419.508] (II) config/udev: Adding input device HD-Audio Generic Headphone (/dev/input/event13)
[   419.508] (II) No input driver specified, ignoring this device.
[   419.508] (II) This device may have been added with another device file.
[   419.509] (II) config/udev: Adding input device ELAN1300:00 04F3:3087 Mouse (/dev/input/event10)
[   419.509] (**) ELAN1300:00 04F3:3087 Mouse: Applying InputClass "libinput pointer catchall"
[   419.509] (II) Using input driver 'libinput' for 'ELAN1300:00 04F3:3087 Mouse'
[   419.510] (II) systemd-logind: got fd for /dev/input/event10 13:74 fd 35 paused 0
[   419.510] (**) ELAN1300:00 04F3:3087 Mouse: always reports core events
[   419.510] (**) Option "Device" "/dev/input/event10"
[   419.511] (II) event10 - ELAN1300:00 04F3:3087 Mouse: is tagged by udev as: Mouse Pointingstick
[   419.512] (II) event10 - ELAN1300:00 04F3:3087 Mouse: device is a pointer
[   419.513] (II) event10 - ELAN1300:00 04F3:3087 Mouse: device removed
[   419.513] (II) libinput: ELAN1300:00 04F3:3087 Mouse: Step value 0 was provided, libinput Fallback acceleration function is used.
[   419.513] (II) libinput: ELAN1300:00 04F3:3087 Mouse: Step value 0 was provided, libinput Fallback acceleration function is used.
[   419.513] (II) libinput: ELAN1300:00 04F3:3087 Mouse: Step value 0 was provided, libinput Fallback acceleration function is used.
[   419.513] (**) Option "config_info" "udev:/sys/devices/platform/AMDI0010:01/i2c-0/i2c-ELAN1300:00/0018:04F3:3087.0004/input/input13/event10"
[   419.513] (II) XINPUT: Adding extended input device "ELAN1300:00 04F3:3087 Mouse" (type: MOUSE, id 13)
[   419.513] (**) Option "AccelerationScheme" "none"
[   419.513] (**) ELAN1300:00 04F3:3087 Mouse: (accel) selected scheme none/0
[   419.513] (**) ELAN1300:00 04F3:3087 Mouse: (accel) acceleration factor: 2.000
[   419.513] (**) ELAN1300:00 04F3:3087 Mouse: (accel) acceleration threshold: 4
[   419.514] (II) event10 - ELAN1300:00 04F3:3087 Mouse: is tagged by udev as: Mouse Pointingstick
[   419.515] (II) event10 - ELAN1300:00 04F3:3087 Mouse: device is a pointer
[   419.517] (II) config/udev: Adding input device ELAN1300:00 04F3:3087 Mouse (/dev/input/mouse1)
[   419.517] (II) No input driver specified, ignoring this device.
[   419.517] (II) This device may have been added with another device file.
[   419.518] (II) config/udev: Adding input device ELAN1300:00 04F3:3087 Touchpad (/dev/input/event11)
[   419.518] (**) ELAN1300:00 04F3:3087 Touchpad: Applying InputClass "libinput touchpad catchall"
[   419.518] (**) ELAN1300:00 04F3:3087 Touchpad: Applying InputClass "libinput touchpad catchall"
[   419.518] (II) Using input driver 'libinput' for 'ELAN1300:00 04F3:3087 Touchpad'
[   419.518] (II) systemd-logind: got fd for /dev/input/event11 13:75 fd 36 paused 0
[   419.518] (**) ELAN1300:00 04F3:3087 Touchpad: always reports core events
[   419.518] (**) Option "Device" "/dev/input/event11"
[   419.520] (II) event11 - ELAN1300:00 04F3:3087 Touchpad: is tagged by udev as: Touchpad
[   419.522] (II) event11 - ELAN1300:00 04F3:3087 Touchpad: device is a touchpad
[   419.523] (II) event11 - ELAN1300:00 04F3:3087 Touchpad: device removed
[   419.523] (**) Option "Tapping" "on"
[   419.523] (II) libinput: ELAN1300:00 04F3:3087 Touchpad: Step value 0 was provided, libinput Fallback acceleration function is used.
[   419.523] (II) libinput: ELAN1300:00 04F3:3087 Touchpad: Step value 0 was provided, libinput Fallback acceleration function is used.
[   419.523] (II) libinput: ELAN1300:00 04F3:3087 Touchpad: Step value 0 was provided, libinput Fallback acceleration function is used.
[   419.523] (**) Option "config_info" "udev:/sys/devices/platform/AMDI0010:01/i2c-0/i2c-ELAN1300:00/0018:04F3:3087.0004/input/input14/event11"
[   419.523] (II) XINPUT: Adding extended input device "ELAN1300:00 04F3:3087 Touchpad" (type: TOUCHPAD, id 14)
[   419.525] (**) Option "AccelerationScheme" "none"
[   419.525] (**) ELAN1300:00 04F3:3087 Touchpad: (accel) selected scheme none/0
[   419.525] (**) ELAN1300:00 04F3:3087 Touchpad: (accel) acceleration factor: 2.000
[   419.525] (**) ELAN1300:00 04F3:3087 Touchpad: (accel) acceleration threshold: 4
[   419.527] (II) event11 - ELAN1300:00 04F3:3087 Touchpad: is tagged by udev as: Touchpad
[   419.529] (II) event11 - ELAN1300:00 04F3:3087 Touchpad: device is a touchpad
[   419.531] (II) config/udev: Adding input device ELAN1300:00 04F3:3087 Touchpad (/dev/input/mouse2)
[   419.531] (II) No input driver specified, ignoring this device.
[   419.531] (II) This device may have been added with another device file.
[   419.531] (II) config/udev: Adding input device Asus WMI hotkeys (/dev/input/event9)
[   419.531] (**) Asus WMI hotkeys: Applying InputClass "libinput keyboard catchall"
[   419.531] (**) Asus WMI hotkeys: Applying InputClass "system-keyboard"
[   419.531] (II) Using input driver 'libinput' for 'Asus WMI hotkeys'
[   419.532] (II) systemd-logind: got fd for /dev/input/event9 13:73 fd 37 paused 0
[   419.532] (**) Asus WMI hotkeys: always reports core events
[   419.532] (**) Option "Device" "/dev/input/event9"
[   419.533] (II) event9  - Asus WMI hotkeys: is tagged by udev as: Keyboard
[   419.533] (II) event9  - Asus WMI hotkeys: device is a keyboard
[   419.534] (II) event9  - Asus WMI hotkeys: device removed
[   419.534] (**) Option "config_info" "udev:/sys/devices/platform/asus-nb-wmi/input/input11/event9"
[   419.534] (II) XINPUT: Adding extended input device "Asus WMI hotkeys" (type: KEYBOARD, id 15)
[   419.534] (**) Option "xkb_layout" "us"
[   419.535] (II) event9  - Asus WMI hotkeys: is tagged by udev as: Keyboard
[   419.535] (II) event9  - Asus WMI hotkeys: device is a keyboard
[   419.536] (II) config/udev: Adding input device AT Translated Set 2 keyboard (/dev/input/event4)
[   419.536] (**) AT Translated Set 2 keyboard: Applying InputClass "libinput keyboard catchall"
[   419.536] (**) AT Translated Set 2 keyboard: Applying InputClass "system-keyboard"
[   419.536] (II) Using input driver 'libinput' for 'AT Translated Set 2 keyboard'
[   419.537] (II) systemd-logind: got fd for /dev/input/event4 13:68 fd 38 paused 0
[   419.537] (**) AT Translated Set 2 keyboard: always reports core events
[   419.537] (**) Option "Device" "/dev/input/event4"
[   419.538] (II) event4  - AT Translated Set 2 keyboard: is tagged by udev as: Keyboard
[   419.538] (II) event4  - AT Translated Set 2 keyboard: device is a keyboard
[   419.539] (II) event4  - AT Translated Set 2 keyboard: device removed
[   419.539] (**) Option "config_info" "udev:/sys/devices/platform/i8042/serio0/input/input4/event4"
[   419.539] (II) XINPUT: Adding extended input device "AT Translated Set 2 keyboard" (type: KEYBOARD, id 16)
[   419.539] (**) Option "xkb_layout" "us"
[   419.541] (II) event4  - AT Translated Set 2 keyboard: is tagged by udev as: Keyboard
[   419.541] (II) event4  - AT Translated Set 2 keyboard: device is a keyboard
[   419.553] (**) SIGMACHIP USB Keyboard Consumer Control: Applying InputClass "libinput keyboard catchall"
[   419.553] (**) SIGMACHIP USB Keyboard Consumer Control: Applying InputClass "system-keyboard"
[   419.553] (II) Using input driver 'libinput' for 'SIGMACHIP USB Keyboard Consumer Control'
[   419.553] (II) systemd-logind: returning pre-existing fd for /dev/input/event6 13:70
[   419.553] (**) SIGMACHIP USB Keyboard Consumer Control: always reports core events
[   419.553] (**) Option "Device" "/dev/input/event6"
[   419.553] (II) libinput: SIGMACHIP USB Keyboard Consumer Control: is a virtual subdevice
[   419.553] (**) Option "config_info" "udev:/sys/devices/pci0000:00/0000:00:08.1/0000:03:00.3/usb1/1-3/1-3:1.1/0003:1C4F:0002.0002/input/input6/event6"
[   419.553] (II) XINPUT: Adding extended input device "SIGMACHIP USB Keyboard Consumer Control" (type: KEYBOARD, id 17)
[   419.553] (**) Option "xkb_layout" "us"
[   419.668] (II) modeset(0): Disabling kernel dirty updates, not required.
[   539.118] (**) Option "fd" "26"
[   539.118] (II) event2  - Power Button: device removed
[   539.118] (**) Option "fd" "29"
[   539.118] (II) event3  - Video Bus: device removed
[   539.118] (**) Option "fd" "30"
[   539.118] (II) event1  - Power Button: device removed
[   539.118] (**) Option "fd" "31"
[   539.118] (II) event5  - SIGMACHIP USB Keyboard: device removed
[   539.118] (**) Option "fd" "32"
[   539.118] (**) Option "fd" "33"
[   539.118] (II) event7  - SIGMACHIP USB Keyboard System Control: device removed
[   539.118] (**) Option "fd" "34"
[   539.118] (II) event8  - PixArt HP USB Optical Mouse: device removed
[   539.118] (**) Option "fd" "35"
[   539.118] (II) event10 - ELAN1300:00 04F3:3087 Mouse: device removed
[   539.118] (**) Option "fd" "36"
[   539.118] (II) event11 - ELAN1300:00 04F3:3087 Touchpad: device removed
[   539.119] (**) Option "fd" "37"
[   539.119] (II) event9  - Asus WMI hotkeys: device removed
[   539.119] (**) Option "fd" "38"
[   539.119] (II) event4  - AT Translated Set 2 keyboard: device removed
[   539.119] (**) Option "fd" "32"
[   539.119] (II) event6  - SIGMACHIP USB Keyboard Consumer Control: device removed
[   539.120] (II) UnloadModule: "libinput"
[   539.120] (II) systemd-logind: not releasing fd for 13:70, still in use
[   539.120] (II) UnloadModule: "libinput"
[   539.120] (II) systemd-logind: releasing fd for 13:68
[   539.133] (II) UnloadModule: "libinput"
[   539.133] (II) systemd-logind: releasing fd for 13:73
[   539.217] (II) UnloadModule: "libinput"
[   539.217] (II) systemd-logind: releasing fd for 13:75
[   539.226] (II) UnloadModule: "libinput"
[   539.226] (II) systemd-logind: releasing fd for 13:74
[   539.227] (II) UnloadModule: "libinput"
[   539.227] (II) systemd-logind: releasing fd for 13:72
[   539.228] (II) UnloadModule: "libinput"
[   539.228] (II) systemd-logind: releasing fd for 13:71
[   539.228] (II) UnloadModule: "libinput"
[   539.228] (II) systemd-logind: releasing fd for 13:70
[   539.229] (II) UnloadModule: "libinput"
[   539.229] (II) systemd-logind: releasing fd for 13:69
[   539.230] (II) UnloadModule: "libinput"
[   539.230] (II) systemd-logind: releasing fd for 13:65
[   539.230] (II) UnloadModule: "libinput"
[   539.230] (II) systemd-logind: releasing fd for 13:67
[   539.231] (II) UnloadModule: "libinput"
[   539.231] (II) systemd-logind: releasing fd for 13:66
[   539.320] (WW) xf86CloseConsole: KDSETMODE failed: Input/output error
[   539.321] (WW) xf86CloseConsole: VT_GETMODE failed: Input/output error
[   539.321] (WW) xf86OpenConsole: VT_GETSTATE failed: Input/output error
[   540.220] (II) Server terminated successfully (0). Closing log file.
