[    37.094] 
X.Org X Server 1.21.1.13
X Protocol Version 11, Revision 0
[    37.094] Current Operating System: Linux aetherius 6.9.3-arch1-1 #1 SMP PREEMPT_DYNAMIC Fri, 31 May 2024 15:14:45 +0000 x86_64
[    37.094] Kernel command line: BOOT_IMAGE=/boot/vmlinuz-linux root=UUID=93572964-1ef5-42b0-8dfe-254e913fcfb9 rw loglevel=3 quiet nvidia-drm.modeset=1
[    37.094]  
[    37.094] Current version of pixman: 0.43.4
[    37.094] 	Before reporting problems, check http://wiki.x.org
	to make sure that you have the latest version.
[    37.094] Markers: (--) probed, (**) from config file, (==) default setting,
	(++) from command line, (!!) notice, (II) informational,
	(WW) warning, (EE) error, (NI) not implemented, (??) unknown.
[    37.094] (==) Log file: "/home/bugs/.local/share/xorg/Xorg.0.log", Time: Fri Jun 14 17:35:22 2024
[    37.096] (==) Using config directory: "/etc/X11/xorg.conf.d"
[    37.096] (==) Using system config directory "/usr/share/X11/xorg.conf.d"
[    37.097] (==) No Layout section.  Using the first Screen section.
[    37.097] (==) No screen section available. Using defaults.
[    37.097] (**) |-->Screen "Default Screen Section" (0)
[    37.097] (**) |   |-->Monitor "<default monitor>"
[    37.098] (==) No monitor specified for screen "Default Screen Section".
	Using a default monitor configuration.
[    37.098] (**) Allowing byte-swapped clients
[    37.098] (==) Automatically adding devices
[    37.098] (==) Automatically enabling devices
[    37.098] (==) Automatically adding GPU devices
[    37.098] (==) Automatically binding GPU devices
[    37.098] (==) Max clients allowed: 256, resource mask: 0x1fffff
[    37.100] (WW) The directory "/usr/share/fonts/Type1" does not exist.
[    37.100] 	Entry deleted from font path.
[    37.102] (==) FontPath set to:
	/usr/share/fonts/misc,
	/usr/share/fonts/TTF,
	/usr/share/fonts/OTF,
	/usr/share/fonts/100dpi,
	/usr/share/fonts/75dpi
[    37.102] (==) ModulePath set to "/usr/lib/xorg/modules"
[    37.102] (II) The server relies on udev to provide the list of input devices.
	If no devices become available, reconfigure udev or disable AutoAddDevices.
[    37.102] (II) Module ABI versions:
[    37.102] 	X.Org ANSI C Emulation: 0.4
[    37.102] 	X.Org Video Driver: 25.2
[    37.102] 	X.Org XInput driver : 24.4
[    37.102] 	X.Org Server Extension : 10.0
[    37.102] (++) using VT number 1

[    37.103] (II) systemd-logind: took control of session /org/freedesktop/login1/session/_31
[    37.105] (II) xfree86: Adding drm device (/dev/dri/card0)
[    37.105] (II) Platform probe for /sys/devices/pci0000:00/0000:00:08.1/0000:03:00.0/drm/card0
[    37.111] (II) systemd-logind: got fd for /dev/dri/card0 226:0 fd 13 paused 0
[    37.118] (--) PCI:*(3@0:0:0) 1002:15d8:1043:1fcf rev 196, Mem @ 0xe0000000/268435456, 0xf0000000/2097152, 0xfcc00000/524288, I/O @ 0x0000f000/256
[    37.118] (WW) Open ACPI failed (/var/run/acpid.socket) (No such file or directory)
[    37.118] (II) LoadModule: "glx"
[    37.119] (II) Loading /usr/lib/xorg/modules/extensions/libglx.so
[    37.125] (II) Module glx: vendor="X.Org Foundation"
[    37.125] 	compiled for 1.21.1.13, module version = 1.0.0
[    37.125] 	ABI class: X.Org Server Extension, version 10.0
[    37.125] (==) Matched ati as autoconfigured driver 0
[    37.125] (==) Matched modesetting as autoconfigured driver 1
[    37.125] (==) Matched fbdev as autoconfigured driver 2
[    37.125] (==) Matched vesa as autoconfigured driver 3
[    37.125] (==) Assigned the driver to the xf86ConfigLayout
[    37.125] (II) LoadModule: "ati"
[    37.125] (WW) Warning, couldn't open module ati
[    37.125] (EE) Failed to load module "ati" (module does not exist, 0)
[    37.125] (II) LoadModule: "modesetting"
[    37.125] (II) Loading /usr/lib/xorg/modules/drivers/modesetting_drv.so
[    37.128] (II) Module modesetting: vendor="X.Org Foundation"
[    37.128] 	compiled for 1.21.1.13, module version = 1.21.1
[    37.128] 	Module class: X.Org Video Driver
[    37.128] 	ABI class: X.Org Video Driver, version 25.2
[    37.128] (II) LoadModule: "fbdev"
[    37.128] (WW) Warning, couldn't open module fbdev
[    37.128] (EE) Failed to load module "fbdev" (module does not exist, 0)
[    37.128] (II) LoadModule: "vesa"
[    37.128] (II) Loading /usr/lib/xorg/modules/drivers/vesa_drv.so
[    37.129] (II) Module vesa: vendor="X.Org Foundation"
[    37.129] 	compiled for 1.21.1.11, module version = 2.6.0
[    37.129] 	Module class: X.Org Video Driver
[    37.129] 	ABI class: X.Org Video Driver, version 25.2
[    37.129] (II) modesetting: Driver for Modesetting Kernel Drivers: kms
[    37.129] (II) VESA: driver for VESA chipsets: vesa
[    37.129] xf86EnableIO: failed to enable I/O ports 0000-03ff (Operation not permitted)
[    37.129] (II) modeset(0): using drv /dev/dri/card0
[    37.129] (WW) VGA arbiter: cannot open kernel arbiter, no multi-card support
[    37.129] (II) modeset(0): Creating default Display subsection in Screen section
	"Default Screen Section" for depth/fbbpp 24/32
[    37.129] (==) modeset(0): Depth 24, (==) framebuffer bpp 32
[    37.129] (==) modeset(0): RGB weight 888
[    37.129] (==) modeset(0): Default visual is TrueColor
[    37.129] (II) Loading sub module "glamoregl"
[    37.129] (II) LoadModule: "glamoregl"
[    37.129] (II) Loading /usr/lib/xorg/modules/libglamoregl.so
[    37.135] (II) Module glamoregl: vendor="X.Org Foundation"
[    37.135] 	compiled for 1.21.1.13, module version = 1.0.1
[    37.135] 	ABI class: X.Org ANSI C Emulation, version 0.4
[    37.325] (II) modeset(0): glamor X acceleration enabled on AMD Radeon Vega 3 Graphics (radeonsi, raven2, LLVM 17.0.6, DRM 3.57, 6.9.3-arch1-1)
[    37.325] (II) modeset(0): glamor initialized
[    37.325] (==) modeset(0): VariableRefresh: disabled
[    37.325] (==) modeset(0): AsyncFlipSecondaries: disabled
[    37.329] (II) modeset(0): Output eDP-1 has no monitor section
[    37.329] (II) modeset(0): Output HDMI-1 has no monitor section
[    37.333] (II) modeset(0): EDID for output eDP-1
[    37.333] (II) modeset(0): Manufacturer: BOE  Model: 903  Serial#: 0
[    37.333] (II) modeset(0): Year: 2019  Week: 49
[    37.333] (II) modeset(0): EDID Version: 1.4
[    37.333] (II) modeset(0): Digital Display Input
[    37.333] (II) modeset(0): 8 bits per channel
[    37.333] (II) modeset(0): Digital interface is DisplayPort
[    37.333] (II) modeset(0): Max Image Size [cm]: horiz.: 34  vert.: 19
[    37.333] (II) modeset(0): Gamma: 2.20
[    37.333] (II) modeset(0): No DPMS capabilities specified
[    37.333] (II) modeset(0): Supported color encodings: RGB 4:4:4 
[    37.333] (II) modeset(0): First detailed timing is preferred mode
[    37.333] (II) modeset(0): Preferred mode is native pixel format and refresh rate
[    37.333] (II) modeset(0): redX: 0.572 redY: 0.358   greenX: 0.351 greenY: 0.579
[    37.333] (II) modeset(0): blueX: 0.167 blueY: 0.126   whiteX: 0.313 whiteY: 0.329
[    37.333] (II) modeset(0): Manufacturer's mask: 0
[    37.333] (II) modeset(0): Supported detailed timing:
[    37.333] (II) modeset(0): clock: 155.2 MHz   Image Size:  344 x 194 mm
[    37.333] (II) modeset(0): h_active: 1920  h_sync: 1968  h_sync_end 2000 h_blank_end 2230 h_border: 0
[    37.333] (II) modeset(0): v_active: 1080  v_sync: 1083  v_sync_end 1089 v_blanking: 1160 v_border: 0
[    37.333] (II) modeset(0):  BOE CQ
[    37.333] (II) modeset(0):  NT156FHM-N62
[    37.333] (II) modeset(0): EDID (in hex):
[    37.333] (II) modeset(0): 	00ffffffffffff0009e5030900000000
[    37.333] (II) modeset(0): 	311d0104a522137802bdd5925b59942a
[    37.333] (II) modeset(0): 	20505400000001010101010101010101
[    37.333] (II) modeset(0): 	010101010101a13c8036713850403020
[    37.333] (II) modeset(0): 	360058c21000001a0000000000000000
[    37.333] (II) modeset(0): 	00000000000000000000000000fe0042
[    37.333] (II) modeset(0): 	4f452043510a202020202020000000fe
[    37.333] (II) modeset(0): 	004e5431353646484d2d4e36320a000f
[    37.333] (II) modeset(0): Printing probed modes for output eDP-1
[    37.333] (II) modeset(0): Modeline "1920x1080"x60.0  155.21  1920 1968 2000 2230  1080 1083 1089 1160 +hsync -vsync (69.6 kHz eP)
[    37.333] (II) modeset(0): Modeline "1920x1080"x119.9  266.50  1920 1944 1960 2000  1080 1081 1084 1111 doublescan +hsync -vsync (133.2 kHz d)
[    37.333] (II) modeset(0): Modeline "1920x1080"x60.0  173.00  1920 2048 2248 2576  1080 1083 1088 1120 -hsync +vsync (67.2 kHz d)
[    37.333] (II) modeset(0): Modeline "1920x1080"x59.9  138.50  1920 1968 2000 2080  1080 1083 1088 1111 +hsync -vsync (66.6 kHz d)
[    37.333] (II) modeset(0): Modeline "1680x1050"x60.0  155.21  1680 1968 2000 2230  1050 1083 1089 1160 +hsync -vsync (69.6 kHz e)
[    37.333] (II) modeset(0): Modeline "1680x1050"x60.0  146.25  1680 1784 1960 2240  1050 1053 1059 1089 -hsync +vsync (65.3 kHz d)
[    37.333] (II) modeset(0): Modeline "1680x1050"x59.9  119.00  1680 1728 1760 1840  1050 1053 1059 1080 +hsync -vsync (64.7 kHz d)
[    37.333] (II) modeset(0): Modeline "1400x1050"x60.0  122.00  1400 1488 1640 1880  1050 1052 1064 1082 +hsync +vsync (64.9 kHz d)
[    37.333] (II) modeset(0): Modeline "1600x900"x120.0  246.00  1600 1728 1900 2200  900 901 904 932 doublescan -hsync +vsync (111.8 kHz d)
[    37.333] (II) modeset(0): Modeline "1600x900"x119.9  186.50  1600 1624 1640 1680  900 901 904 926 doublescan +hsync -vsync (111.0 kHz d)
[    37.333] (II) modeset(0): Modeline "1600x900"x59.9  118.25  1600 1696 1856 2112  900 903 908 934 -hsync +vsync (56.0 kHz d)
[    37.333] (II) modeset(0): Modeline "1600x900"x59.8   97.50  1600 1648 1680 1760  900 903 908 926 +hsync -vsync (55.4 kHz d)
[    37.333] (II) modeset(0): Modeline "1280x1024"x60.0  155.21  1280 1968 2000 2230  1024 1083 1089 1160 +hsync -vsync (69.6 kHz e)
[    37.334] (II) modeset(0): Modeline "1280x1024"x60.0  108.00  1280 1328 1440 1688  1024 1025 1028 1066 +hsync +vsync (64.0 kHz d)
[    37.334] (II) modeset(0): Modeline "1440x900"x60.0  155.21  1440 1968 2000 2230  900 1083 1089 1160 +hsync -vsync (69.6 kHz e)
[    37.334] (II) modeset(0): Modeline "1400x900"x60.0  103.50  1400 1480 1624 1848  900 903 913 934 -hsync +vsync (56.0 kHz d)
[    37.334] (II) modeset(0): Modeline "1400x900"x59.9   86.50  1400 1448 1480 1560  900 903 913 926 +hsync -vsync (55.4 kHz d)
[    37.334] (II) modeset(0): Modeline "1280x960"x60.0  108.00  1280 1376 1488 1800  960 961 964 1000 +hsync +vsync (60.0 kHz d)
[    37.334] (II) modeset(0): Modeline "1440x810"x120.0  198.12  1440 1548 1704 1968  810 811 814 839 doublescan -hsync +vsync (100.7 kHz d)
[    37.334] (II) modeset(0): Modeline "1440x810"x119.9  151.88  1440 1464 1480 1520  810 811 814 833 doublescan +hsync -vsync (99.9 kHz d)
[    37.334] (II) modeset(0): Modeline "1368x768"x59.9   85.25  1368 1440 1576 1784  768 771 781 798 -hsync +vsync (47.8 kHz d)
[    37.334] (II) modeset(0): Modeline "1368x768"x59.9   72.25  1368 1416 1448 1528  768 771 781 790 +hsync -vsync (47.3 kHz d)
[    37.334] (II) modeset(0): Modeline "1280x800"x120.0  174.25  1280 1380 1516 1752  800 801 804 829 doublescan -hsync +vsync (99.5 kHz d)
[    37.334] (II) modeset(0): Modeline "1280x800"x60.0  155.21  1280 1968 2000 2230  800 1083 1089 1160 +hsync -vsync (69.6 kHz e)
[    37.334] (II) modeset(0): Modeline "1280x800"x119.9  134.25  1280 1304 1320 1360  800 801 804 823 doublescan +hsync -vsync (98.7 kHz d)
[    37.334] (II) modeset(0): Modeline "1280x800"x59.8   83.50  1280 1352 1480 1680  800 803 809 831 -hsync +vsync (49.7 kHz d)
[    37.334] (II) modeset(0): Modeline "1280x800"x59.9   71.00  1280 1328 1360 1440  800 803 809 823 +hsync -vsync (49.3 kHz d)
[    37.334] (II) modeset(0): Modeline "1280x720"x120.0  156.12  1280 1376 1512 1744  720 721 724 746 doublescan -hsync +vsync (89.5 kHz d)
[    37.334] (II) modeset(0): Modeline "1280x720"x60.0  155.21  1280 1968 2000 2230  720 1083 1089 1160 +hsync -vsync (69.6 kHz e)
[    37.334] (II) modeset(0): Modeline "1280x720"x120.0  120.75  1280 1304 1320 1360  720 721 724 740 doublescan +hsync -vsync (88.8 kHz d)
[    37.334] (II) modeset(0): Modeline "1280x720"x59.9   74.50  1280 1344 1472 1664  720 723 728 748 -hsync +vsync (44.8 kHz d)
[    37.334] (II) modeset(0): Modeline "1280x720"x59.7   63.75  1280 1328 1360 1440  720 723 728 741 +hsync -vsync (44.3 kHz d)
[    37.334] (II) modeset(0): Modeline "1024x768"x60.0  155.21  1024 1968 2000 2230  768 1083 1089 1160 +hsync -vsync (69.6 kHz e)
[    37.334] (II) modeset(0): Modeline "1024x768"x120.1  133.47  1024 1100 1212 1400  768 768 770 794 doublescan -hsync +vsync (95.3 kHz d)
[    37.334] (II) modeset(0): Modeline "1024x768"x60.0   65.00  1024 1048 1184 1344  768 771 777 806 -hsync -vsync (48.4 kHz d)
[    37.334] (II) modeset(0): Modeline "960x720"x120.0  117.00  960 1024 1128 1300  720 720 722 750 doublescan -hsync +vsync (90.0 kHz d)
[    37.334] (II) modeset(0): Modeline "928x696"x120.1  109.15  928 976 1088 1264  696 696 698 719 doublescan -hsync +vsync (86.4 kHz d)
[    37.334] (II) modeset(0): Modeline "896x672"x120.0  102.40  896 960 1060 1224  672 672 674 697 doublescan -hsync +vsync (83.7 kHz d)
[    37.334] (II) modeset(0): Modeline "1024x576"x119.9   98.50  1024 1092 1200 1376  576 577 580 597 doublescan -hsync +vsync (71.6 kHz d)
[    37.334] (II) modeset(0): Modeline "1024x576"x119.9   78.38  1024 1048 1064 1104  576 577 580 592 doublescan +hsync -vsync (71.0 kHz d)
[    37.334] (II) modeset(0): Modeline "1024x576"x59.9   46.50  1024 1064 1160 1296  576 579 584 599 -hsync +vsync (35.9 kHz d)
[    37.334] (II) modeset(0): Modeline "1024x576"x59.8   42.00  1024 1072 1104 1184  576 579 584 593 +hsync -vsync (35.5 kHz d)
[    37.334] (II) modeset(0): Modeline "960x600"x119.9   96.62  960 1028 1128 1296  600 601 604 622 doublescan -hsync +vsync (74.6 kHz d)
[    37.334] (II) modeset(0): Modeline "960x600"x120.0   77.00  960 984 1000 1040  600 601 604 617 doublescan +hsync -vsync (74.0 kHz d)
[    37.334] (II) modeset(0): Modeline "960x540"x119.9   86.50  960 1024 1124 1288  540 541 544 560 doublescan -hsync +vsync (67.2 kHz d)
[    37.334] (II) modeset(0): Modeline "960x540"x120.0   69.25  960 984 1000 1040  540 541 544 555 doublescan +hsync -vsync (66.6 kHz d)
[    37.334] (II) modeset(0): Modeline "960x540"x59.6   40.75  960 992 1088 1216  540 543 548 562 -hsync +vsync (33.5 kHz d)
[    37.334] (II) modeset(0): Modeline "960x540"x59.8   37.25  960 1008 1040 1120  540 543 548 556 +hsync -vsync (33.3 kHz d)
[    37.334] (II) modeset(0): Modeline "800x600"x60.0  155.21  800 1968 2000 2230  600 1083 1089 1160 +hsync -vsync (69.6 kHz e)
[    37.334] (II) modeset(0): Modeline "800x600"x120.0   81.00  800 832 928 1080  600 600 602 625 doublescan +hsync +vsync (75.0 kHz d)
[    37.334] (II) modeset(0): Modeline "800x600"x60.3   40.00  800 840 968 1056  600 601 605 628 +hsync +vsync (37.9 kHz d)
[    37.334] (II) modeset(0): Modeline "800x600"x56.2   36.00  800 824 896 1024  600 601 603 625 +hsync +vsync (35.2 kHz d)
[    37.334] (II) modeset(0): Modeline "840x525"x120.0   73.12  840 892 980 1120  525 526 529 544 doublescan -hsync +vsync (65.3 kHz d)
[    37.334] (II) modeset(0): Modeline "840x525"x119.8   59.50  840 864 880 920  525 526 529 540 doublescan +hsync -vsync (64.7 kHz d)
[    37.334] (II) modeset(0): Modeline "864x486"x59.9   32.50  864 888 968 1072  486 489 494 506 -hsync +vsync (30.3 kHz d)
[    37.334] (II) modeset(0): Modeline "864x486"x59.6   30.50  864 912 944 1024  486 489 494 500 +hsync -vsync (29.8 kHz d)
[    37.334] (II) modeset(0): Modeline "700x525"x120.0   61.00  700 744 820 940  525 526 532 541 doublescan +hsync +vsync (64.9 kHz d)
[    37.334] (II) modeset(0): Modeline "800x450"x119.9   59.12  800 848 928 1056  450 451 454 467 doublescan -hsync +vsync (56.0 kHz d)
[    37.334] (II) modeset(0): Modeline "800x450"x119.6   48.75  800 824 840 880  450 451 454 463 doublescan +hsync -vsync (55.4 kHz d)
[    37.334] (II) modeset(0): Modeline "640x512"x120.0   54.00  640 664 720 844  512 512 514 533 doublescan +hsync +vsync (64.0 kHz d)
[    37.334] (II) modeset(0): Modeline "700x450"x119.9   51.75  700 740 812 924  450 451 456 467 doublescan -hsync +vsync (56.0 kHz d)
[    37.334] (II) modeset(0): Modeline "700x450"x119.8   43.25  700 724 740 780  450 451 456 463 doublescan +hsync -vsync (55.4 kHz d)
[    37.334] (II) modeset(0): Modeline "640x480"x60.0  155.21  640 1968 2000 2230  480 1083 1089 1160 +hsync -vsync (69.6 kHz e)
[    37.334] (II) modeset(0): Modeline "640x480"x120.0   54.00  640 688 744 900  480 480 482 500 doublescan +hsync +vsync (60.0 kHz d)
[    37.334] (II) modeset(0): Modeline "640x480"x59.9   25.18  640 656 752 800  480 490 492 525 -hsync -vsync (31.5 kHz d)
[    37.334] (II) modeset(0): Modeline "720x405"x59.5   22.50  720 744 808 896  405 408 413 422 -hsync +vsync (25.1 kHz d)
[    37.334] (II) modeset(0): Modeline "720x405"x59.0   21.75  720 768 800 880  405 408 413 419 +hsync -vsync (24.7 kHz d)
[    37.334] (II) modeset(0): Modeline "684x384"x119.8   42.62  684 720 788 892  384 385 390 399 doublescan -hsync +vsync (47.8 kHz d)
[    37.334] (II) modeset(0): Modeline "684x384"x119.7   36.12  684 708 724 764  384 385 390 395 doublescan +hsync -vsync (47.3 kHz d)
[    37.334] (II) modeset(0): Modeline "640x400"x119.8   41.75  640 676 740 840  400 401 404 415 doublescan -hsync +vsync (49.7 kHz d)
[    37.334] (II) modeset(0): Modeline "640x400"x120.0   35.50  640 664 680 720  400 401 404 411 doublescan +hsync -vsync (49.3 kHz d)
[    37.334] (II) modeset(0): Modeline "640x360"x119.7   37.25  640 672 736 832  360 361 364 374 doublescan -hsync +vsync (44.8 kHz d)
[    37.334] (II) modeset(0): Modeline "640x360"x119.7   31.88  640 664 680 720  360 361 364 370 doublescan +hsync -vsync (44.3 kHz d)
[    37.334] (II) modeset(0): Modeline "640x360"x59.8   18.00  640 664 720 800  360 363 368 376 -hsync +vsync (22.5 kHz d)
[    37.334] (II) modeset(0): Modeline "640x360"x59.3   17.75  640 688 720 800  360 363 368 374 +hsync -vsync (22.2 kHz d)
[    37.334] (II) modeset(0): Modeline "512x384"x120.0   32.50  512 524 592 672  384 385 388 403 doublescan -hsync -vsync (48.4 kHz d)
[    37.334] (II) modeset(0): Modeline "512x288"x120.0   23.25  512 532 580 648  288 289 292 299 doublescan -hsync +vsync (35.9 kHz d)
[    37.334] (II) modeset(0): Modeline "512x288"x119.8   21.00  512 536 552 592  288 289 292 296 doublescan +hsync -vsync (35.5 kHz d)
[    37.334] (II) modeset(0): Modeline "480x270"x119.3   20.38  480 496 544 608  270 271 274 281 doublescan -hsync +vsync (33.5 kHz d)
[    37.334] (II) modeset(0): Modeline "480x270"x119.6   18.62  480 504 520 560  270 271 274 278 doublescan +hsync -vsync (33.3 kHz d)
[    37.334] (II) modeset(0): Modeline "400x300"x120.6   20.00  400 420 484 528  300 300 302 314 doublescan +hsync +vsync (37.9 kHz d)
[    37.334] (II) modeset(0): Modeline "400x300"x112.7   18.00  400 412 448 512  300 300 301 312 doublescan +hsync +vsync (35.2 kHz d)
[    37.334] (II) modeset(0): Modeline "432x243"x119.8   16.25  432 444 484 536  243 244 247 253 doublescan -hsync +vsync (30.3 kHz d)
[    37.334] (II) modeset(0): Modeline "432x243"x119.1   15.25  432 456 472 512  243 244 247 250 doublescan +hsync -vsync (29.8 kHz d)
[    37.334] (II) modeset(0): Modeline "320x240"x120.1   12.59  320 328 376 400  240 245 246 262 doublescan -hsync -vsync (31.5 kHz d)
[    37.334] (II) modeset(0): Modeline "360x202"x119.0   11.25  360 372 404 448  202 204 206 211 doublescan -hsync +vsync (25.1 kHz d)
[    37.334] (II) modeset(0): Modeline "360x202"x118.3   10.88  360 384 400 440  202 204 206 209 doublescan +hsync -vsync (24.7 kHz d)
[    37.334] (II) modeset(0): Modeline "320x180"x119.7    9.00  320 332 360 400  180 181 184 188 doublescan -hsync +vsync (22.5 kHz d)
[    37.334] (II) modeset(0): Modeline "320x180"x118.6    8.88  320 344 360 400  180 181 184 187 doublescan +hsync -vsync (22.2 kHz d)
[    37.334] (II) modeset(0): EDID for output HDMI-1
[    37.334] (II) modeset(0): Output eDP-1 connected
[    37.334] (II) modeset(0): Output HDMI-1 disconnected
[    37.334] (II) modeset(0): Using exact sizes for initial modes
[    37.334] (II) modeset(0): Output eDP-1 using initial mode 1920x1080 +0+0
[    37.334] (==) modeset(0): Using gamma correction (1.0, 1.0, 1.0)
[    37.334] (==) modeset(0): DPI set to (96, 96)
[    37.334] (II) Loading sub module "fb"
[    37.334] (II) LoadModule: "fb"
[    37.334] (II) Module "fb" already built-in
[    37.334] (II) UnloadModule: "vesa"
[    37.334] (II) Unloading vesa
[    37.411] (==) modeset(0): Backing store enabled
[    37.411] (==) modeset(0): Silken mouse enabled
[    37.412] (II) modeset(0): Initializing kms color map for depth 24, 8 bpc.
[    37.412] (==) modeset(0): DPMS enabled
[    37.412] (II) modeset(0): [DRI2] Setup complete
[    37.412] (II) modeset(0): [DRI2]   DRI driver: radeonsi
[    37.412] (II) modeset(0): [DRI2]   VDPAU driver: radeonsi
[    37.412] (II) Initializing extension Generic Event Extension
[    37.412] (II) Initializing extension SHAPE
[    37.412] (II) Initializing extension MIT-SHM
[    37.412] (II) Initializing extension XInputExtension
[    37.413] (II) Initializing extension XTEST
[    37.413] (II) Initializing extension BIG-REQUESTS
[    37.413] (II) Initializing extension SYNC
[    37.413] (II) Initializing extension XKEYBOARD
[    37.413] (II) Initializing extension XC-MISC
[    37.413] (II) Initializing extension SECURITY
[    37.413] (II) Initializing extension XFIXES
[    37.413] (II) Initializing extension RENDER
[    37.413] (II) Initializing extension RANDR
[    37.414] (II) Initializing extension COMPOSITE
[    37.414] (II) Initializing extension DAMAGE
[    37.414] (II) Initializing extension MIT-SCREEN-SAVER
[    37.414] (II) Initializing extension DOUBLE-BUFFER
[    37.414] (II) Initializing extension RECORD
[    37.414] (II) Initializing extension DPMS
[    37.414] (II) Initializing extension Present
[    37.414] (II) Initializing extension DRI3
[    37.414] (II) Initializing extension X-Resource
[    37.414] (II) Initializing extension XVideo
[    37.415] (II) Initializing extension XVideo-MotionCompensation
[    37.415] (II) Initializing extension GLX
[    37.422] (II) AIGLX: Loaded and initialized radeonsi
[    37.422] (II) GLX: Initialized DRI2 GL provider for screen 0
[    37.422] (II) Initializing extension XFree86-VidModeExtension
[    37.422] (II) Initializing extension XFree86-DGA
[    37.422] (II) Initializing extension XFree86-DRI
[    37.422] (II) Initializing extension DRI2
[    37.423] (II) modeset(0): Damage tracking initialized
[    37.423] (II) modeset(0): Setting screen physical size to 508 x 285
[    37.564] (II) config/udev: Adding input device Power Button (/dev/input/event2)
[    37.564] (**) Power Button: Applying InputClass "libinput keyboard catchall"
[    37.564] (**) Power Button: Applying InputClass "system-keyboard"
[    37.564] (II) LoadModule: "libinput"
[    37.564] (II) Loading /usr/lib/xorg/modules/input/libinput_drv.so
[    37.569] (II) Module libinput: vendor="X.Org Foundation"
[    37.569] 	compiled for 1.21.1.8, module version = 1.4.0
[    37.569] 	Module class: X.Org XInput Driver
[    37.569] 	ABI class: X.Org XInput driver, version 24.4
[    37.569] (II) Using input driver 'libinput' for 'Power Button'
[    37.570] (II) systemd-logind: got fd for /dev/input/event2 13:66 fd 26 paused 0
[    37.570] (**) Power Button: always reports core events
[    37.570] (**) Option "Device" "/dev/input/event2"
[    37.577] (II) event2  - Power Button: is tagged by udev as: Keyboard
[    37.578] (II) event2  - Power Button: device is a keyboard
[    37.578] (II) event2  - Power Button: device removed
[    37.578] (**) Option "config_info" "udev:/sys/devices/LNXSYSTM:00/LNXPWRBN:00/input/input2/event2"
[    37.578] (II) XINPUT: Adding extended input device "Power Button" (type: KEYBOARD, id 6)
[    37.578] (**) Option "xkb_layout" "us"
[    37.579] (II) event2  - Power Button: is tagged by udev as: Keyboard
[    37.579] (II) event2  - Power Button: device is a keyboard
[    37.580] (II) config/udev: Adding input device Video Bus (/dev/input/event3)
[    37.580] (**) Video Bus: Applying InputClass "libinput keyboard catchall"
[    37.580] (**) Video Bus: Applying InputClass "system-keyboard"
[    37.580] (II) Using input driver 'libinput' for 'Video Bus'
[    37.581] (II) systemd-logind: got fd for /dev/input/event3 13:67 fd 29 paused 0
[    37.581] (**) Video Bus: always reports core events
[    37.581] (**) Option "Device" "/dev/input/event3"
[    37.582] (II) event3  - Video Bus: is tagged by udev as: Keyboard
[    37.582] (II) event3  - Video Bus: device is a keyboard
[    37.583] (II) event3  - Video Bus: device removed
[    37.583] (**) Option "config_info" "udev:/sys/devices/LNXSYSTM:00/LNXSYBUS:00/PNP0A08:00/device:11/LNXVIDEO:00/input/input3/event3"
[    37.583] (II) XINPUT: Adding extended input device "Video Bus" (type: KEYBOARD, id 7)
[    37.583] (**) Option "xkb_layout" "us"
[    37.584] (II) event3  - Video Bus: is tagged by udev as: Keyboard
[    37.584] (II) event3  - Video Bus: device is a keyboard
[    37.585] (II) config/udev: Adding input device Lid Switch (/dev/input/event0)
[    37.585] (II) No input driver specified, ignoring this device.
[    37.585] (II) This device may have been added with another device file.
[    37.586] (II) config/udev: Adding input device Power Button (/dev/input/event1)
[    37.586] (**) Power Button: Applying InputClass "libinput keyboard catchall"
[    37.586] (**) Power Button: Applying InputClass "system-keyboard"
[    37.586] (II) Using input driver 'libinput' for 'Power Button'
[    37.587] (II) systemd-logind: got fd for /dev/input/event1 13:65 fd 30 paused 0
[    37.587] (**) Power Button: always reports core events
[    37.587] (**) Option "Device" "/dev/input/event1"
[    37.588] (II) event1  - Power Button: is tagged by udev as: Keyboard
[    37.588] (II) event1  - Power Button: device is a keyboard
[    37.588] (II) event1  - Power Button: device removed
[    37.588] (**) Option "config_info" "udev:/sys/devices/LNXSYSTM:00/LNXSYBUS:00/PNP0C0C:00/input/input1/event1"
[    37.588] (II) XINPUT: Adding extended input device "Power Button" (type: KEYBOARD, id 8)
[    37.588] (**) Option "xkb_layout" "us"
[    37.590] (II) event1  - Power Button: is tagged by udev as: Keyboard
[    37.590] (II) event1  - Power Button: device is a keyboard
[    37.591] (II) config/udev: Adding input device HD-Audio Generic HDMI/DP,pcm=3 (/dev/input/event9)
[    37.591] (II) No input driver specified, ignoring this device.
[    37.591] (II) This device may have been added with another device file.
[    37.592] (II) config/udev: Adding input device SIGMACHIP USB Keyboard (/dev/input/event11)
[    37.592] (**) SIGMACHIP USB Keyboard: Applying InputClass "libinput keyboard catchall"
[    37.592] (**) SIGMACHIP USB Keyboard: Applying InputClass "system-keyboard"
[    37.592] (II) Using input driver 'libinput' for 'SIGMACHIP USB Keyboard'
[    37.593] (II) systemd-logind: got fd for /dev/input/event11 13:75 fd 31 paused 0
[    37.593] (**) SIGMACHIP USB Keyboard: always reports core events
[    37.593] (**) Option "Device" "/dev/input/event11"
[    37.595] (II) event11 - SIGMACHIP USB Keyboard: is tagged by udev as: Keyboard
[    37.595] (II) event11 - SIGMACHIP USB Keyboard: device is a keyboard
[    37.596] (II) event11 - SIGMACHIP USB Keyboard: device removed
[    37.596] (**) Option "config_info" "udev:/sys/devices/pci0000:00/0000:00:08.1/0000:03:00.3/usb1/1-3/1-3:1.0/0003:1C4F:0002.0003/input/input13/event11"
[    37.596] (II) XINPUT: Adding extended input device "SIGMACHIP USB Keyboard" (type: KEYBOARD, id 9)
[    37.596] (**) Option "xkb_layout" "us"
[    37.598] (II) event11 - SIGMACHIP USB Keyboard: is tagged by udev as: Keyboard
[    37.598] (II) event11 - SIGMACHIP USB Keyboard: device is a keyboard
[    37.599] (II) config/udev: Adding input device SIGMACHIP USB Keyboard Consumer Control (/dev/input/event12)
[    37.599] (**) SIGMACHIP USB Keyboard Consumer Control: Applying InputClass "libinput keyboard catchall"
[    37.599] (**) SIGMACHIP USB Keyboard Consumer Control: Applying InputClass "system-keyboard"
[    37.599] (II) Using input driver 'libinput' for 'SIGMACHIP USB Keyboard Consumer Control'
[    37.600] (II) systemd-logind: got fd for /dev/input/event12 13:76 fd 32 paused 0
[    37.600] (**) SIGMACHIP USB Keyboard Consumer Control: always reports core events
[    37.600] (**) Option "Device" "/dev/input/event12"
[    37.602] (II) event12 - SIGMACHIP USB Keyboard Consumer Control: is tagged by udev as: Keyboard
[    37.603] (II) event12 - SIGMACHIP USB Keyboard Consumer Control: device is a keyboard
[    37.603] (II) event12 - SIGMACHIP USB Keyboard Consumer Control: device removed
[    37.603] (II) libinput: SIGMACHIP USB Keyboard Consumer Control: needs a virtual subdevice
[    37.603] (**) Option "config_info" "udev:/sys/devices/pci0000:00/0000:00:08.1/0000:03:00.3/usb1/1-3/1-3:1.1/0003:1C4F:0002.0004/input/input14/event12"
[    37.603] (II) XINPUT: Adding extended input device "SIGMACHIP USB Keyboard Consumer Control" (type: MOUSE, id 10)
[    37.603] (**) Option "AccelerationScheme" "none"
[    37.603] (**) SIGMACHIP USB Keyboard Consumer Control: (accel) selected scheme none/0
[    37.603] (**) SIGMACHIP USB Keyboard Consumer Control: (accel) acceleration factor: 2.000
[    37.603] (**) SIGMACHIP USB Keyboard Consumer Control: (accel) acceleration threshold: 4
[    37.605] (II) event12 - SIGMACHIP USB Keyboard Consumer Control: is tagged by udev as: Keyboard
[    37.605] (II) event12 - SIGMACHIP USB Keyboard Consumer Control: device is a keyboard
[    37.606] (II) config/udev: Adding input device SIGMACHIP USB Keyboard System Control (/dev/input/event13)
[    37.606] (**) SIGMACHIP USB Keyboard System Control: Applying InputClass "libinput keyboard catchall"
[    37.606] (**) SIGMACHIP USB Keyboard System Control: Applying InputClass "system-keyboard"
[    37.606] (II) Using input driver 'libinput' for 'SIGMACHIP USB Keyboard System Control'
[    37.607] (II) systemd-logind: got fd for /dev/input/event13 13:77 fd 33 paused 0
[    37.607] (**) SIGMACHIP USB Keyboard System Control: always reports core events
[    37.607] (**) Option "Device" "/dev/input/event13"
[    37.610] (II) event13 - SIGMACHIP USB Keyboard System Control: is tagged by udev as: Keyboard
[    37.610] (II) event13 - SIGMACHIP USB Keyboard System Control: device is a keyboard
[    37.610] (II) event13 - SIGMACHIP USB Keyboard System Control: device removed
[    37.610] (**) Option "config_info" "udev:/sys/devices/pci0000:00/0000:00:08.1/0000:03:00.3/usb1/1-3/1-3:1.1/0003:1C4F:0002.0004/input/input15/event13"
[    37.610] (II) XINPUT: Adding extended input device "SIGMACHIP USB Keyboard System Control" (type: KEYBOARD, id 11)
[    37.610] (**) Option "xkb_layout" "us"
[    37.612] (II) event13 - SIGMACHIP USB Keyboard System Control: is tagged by udev as: Keyboard
[    37.612] (II) event13 - SIGMACHIP USB Keyboard System Control: device is a keyboard
[    37.614] (II) config/udev: Adding input device PixArt HP USB Optical Mouse (/dev/input/event5)
[    37.614] (**) PixArt HP USB Optical Mouse: Applying InputClass "libinput pointer catchall"
[    37.614] (II) Using input driver 'libinput' for 'PixArt HP USB Optical Mouse'
[    37.615] (II) systemd-logind: got fd for /dev/input/event5 13:69 fd 34 paused 0
[    37.615] (**) PixArt HP USB Optical Mouse: always reports core events
[    37.615] (**) Option "Device" "/dev/input/event5"
[    37.617] (II) event5  - PixArt HP USB Optical Mouse: is tagged by udev as: Mouse
[    37.617] (II) event5  - PixArt HP USB Optical Mouse: device is a pointer
[    37.617] (II) event5  - PixArt HP USB Optical Mouse: device removed
[    37.617] (II) libinput: PixArt HP USB Optical Mouse: Step value 0 was provided, libinput Fallback acceleration function is used.
[    37.617] (II) libinput: PixArt HP USB Optical Mouse: Step value 0 was provided, libinput Fallback acceleration function is used.
[    37.617] (II) libinput: PixArt HP USB Optical Mouse: Step value 0 was provided, libinput Fallback acceleration function is used.
[    37.617] (**) Option "config_info" "udev:/sys/devices/pci0000:00/0000:00:08.1/0000:03:00.3/usb1/1-4/1-4:1.0/0003:03F0:094A.0001/input/input5/event5"
[    37.617] (II) XINPUT: Adding extended input device "PixArt HP USB Optical Mouse" (type: MOUSE, id 12)
[    37.617] (**) Option "AccelerationScheme" "none"
[    37.617] (**) PixArt HP USB Optical Mouse: (accel) selected scheme none/0
[    37.617] (**) PixArt HP USB Optical Mouse: (accel) acceleration factor: 2.000
[    37.617] (**) PixArt HP USB Optical Mouse: (accel) acceleration threshold: 4
[    37.619] (II) event5  - PixArt HP USB Optical Mouse: is tagged by udev as: Mouse
[    37.620] (II) event5  - PixArt HP USB Optical Mouse: device is a pointer
[    37.621] (II) config/udev: Adding input device PixArt HP USB Optical Mouse (/dev/input/mouse0)
[    37.621] (II) No input driver specified, ignoring this device.
[    37.621] (II) This device may have been added with another device file.
[    37.621] (II) config/udev: Adding input device HD-Audio Generic Headphone (/dev/input/event10)
[    37.622] (II) No input driver specified, ignoring this device.
[    37.622] (II) This device may have been added with another device file.
[    37.622] (II) config/udev: Adding input device ELAN1300:00 04F3:3087 Touchpad (/dev/input/event8)
[    37.622] (**) ELAN1300:00 04F3:3087 Touchpad: Applying InputClass "libinput touchpad catchall"
[    37.622] (**) ELAN1300:00 04F3:3087 Touchpad: Applying InputClass "libinput touchpad catchall"
[    37.622] (II) Using input driver 'libinput' for 'ELAN1300:00 04F3:3087 Touchpad'
[    37.624] (II) systemd-logind: got fd for /dev/input/event8 13:72 fd 35 paused 0
[    37.624] (**) ELAN1300:00 04F3:3087 Touchpad: always reports core events
[    37.624] (**) Option "Device" "/dev/input/event8"
[    37.625] (II) event8  - ELAN1300:00 04F3:3087 Touchpad: is tagged by udev as: Touchpad
[    37.628] (II) event8  - ELAN1300:00 04F3:3087 Touchpad: device is a touchpad
[    37.628] (II) event8  - ELAN1300:00 04F3:3087 Touchpad: device removed
[    37.628] (**) Option "Tapping" "on"
[    37.628] (II) libinput: ELAN1300:00 04F3:3087 Touchpad: Step value 0 was provided, libinput Fallback acceleration function is used.
[    37.628] (II) libinput: ELAN1300:00 04F3:3087 Touchpad: Step value 0 was provided, libinput Fallback acceleration function is used.
[    37.628] (II) libinput: ELAN1300:00 04F3:3087 Touchpad: Step value 0 was provided, libinput Fallback acceleration function is used.
[    37.628] (**) Option "config_info" "udev:/sys/devices/platform/AMDI0010:01/i2c-0/i2c-ELAN1300:00/0018:04F3:3087.0002/input/input10/event8"
[    37.628] (II) XINPUT: Adding extended input device "ELAN1300:00 04F3:3087 Touchpad" (type: TOUCHPAD, id 13)
[    37.630] (**) Option "AccelerationScheme" "none"
[    37.630] (**) ELAN1300:00 04F3:3087 Touchpad: (accel) selected scheme none/0
[    37.630] (**) ELAN1300:00 04F3:3087 Touchpad: (accel) acceleration factor: 2.000
[    37.630] (**) ELAN1300:00 04F3:3087 Touchpad: (accel) acceleration threshold: 4
[    37.632] (II) event8  - ELAN1300:00 04F3:3087 Touchpad: is tagged by udev as: Touchpad
[    37.634] (II) event8  - ELAN1300:00 04F3:3087 Touchpad: device is a touchpad
[    37.635] (II) config/udev: Adding input device ELAN1300:00 04F3:3087 Touchpad (/dev/input/mouse2)
[    37.635] (II) No input driver specified, ignoring this device.
[    37.635] (II) This device may have been added with another device file.
[    37.636] (II) config/udev: Adding input device ELAN1300:00 04F3:3087 Mouse (/dev/input/event7)
[    37.636] (**) ELAN1300:00 04F3:3087 Mouse: Applying InputClass "libinput pointer catchall"
[    37.636] (II) Using input driver 'libinput' for 'ELAN1300:00 04F3:3087 Mouse'
[    37.637] (II) systemd-logind: got fd for /dev/input/event7 13:71 fd 36 paused 0
[    37.637] (**) ELAN1300:00 04F3:3087 Mouse: always reports core events
[    37.637] (**) Option "Device" "/dev/input/event7"
[    37.639] (II) event7  - ELAN1300:00 04F3:3087 Mouse: is tagged by udev as: Mouse Pointingstick
[    37.639] (II) event7  - ELAN1300:00 04F3:3087 Mouse: device is a pointer
[    37.640] (II) event7  - ELAN1300:00 04F3:3087 Mouse: device removed
[    37.641] (II) libinput: ELAN1300:00 04F3:3087 Mouse: Step value 0 was provided, libinput Fallback acceleration function is used.
[    37.641] (II) libinput: ELAN1300:00 04F3:3087 Mouse: Step value 0 was provided, libinput Fallback acceleration function is used.
[    37.641] (II) libinput: ELAN1300:00 04F3:3087 Mouse: Step value 0 was provided, libinput Fallback acceleration function is used.
[    37.641] (**) Option "config_info" "udev:/sys/devices/platform/AMDI0010:01/i2c-0/i2c-ELAN1300:00/0018:04F3:3087.0002/input/input9/event7"
[    37.641] (II) XINPUT: Adding extended input device "ELAN1300:00 04F3:3087 Mouse" (type: MOUSE, id 14)
[    37.641] (**) Option "AccelerationScheme" "none"
[    37.641] (**) ELAN1300:00 04F3:3087 Mouse: (accel) selected scheme none/0
[    37.641] (**) ELAN1300:00 04F3:3087 Mouse: (accel) acceleration factor: 2.000
[    37.641] (**) ELAN1300:00 04F3:3087 Mouse: (accel) acceleration threshold: 4
[    37.642] (II) event7  - ELAN1300:00 04F3:3087 Mouse: is tagged by udev as: Mouse Pointingstick
[    37.643] (II) event7  - ELAN1300:00 04F3:3087 Mouse: device is a pointer
[    37.645] (II) config/udev: Adding input device ELAN1300:00 04F3:3087 Mouse (/dev/input/mouse1)
[    37.645] (II) No input driver specified, ignoring this device.
[    37.645] (II) This device may have been added with another device file.
[    37.645] (II) config/udev: Adding input device Asus WMI hotkeys (/dev/input/event6)
[    37.645] (**) Asus WMI hotkeys: Applying InputClass "libinput keyboard catchall"
[    37.645] (**) Asus WMI hotkeys: Applying InputClass "system-keyboard"
[    37.645] (II) Using input driver 'libinput' for 'Asus WMI hotkeys'
[    37.646] (II) systemd-logind: got fd for /dev/input/event6 13:70 fd 37 paused 0
[    37.646] (**) Asus WMI hotkeys: always reports core events
[    37.646] (**) Option "Device" "/dev/input/event6"
[    37.647] (II) event6  - Asus WMI hotkeys: is tagged by udev as: Keyboard
[    37.647] (II) event6  - Asus WMI hotkeys: device is a keyboard
[    37.647] (II) event6  - Asus WMI hotkeys: device removed
[    37.647] (**) Option "config_info" "udev:/sys/devices/platform/asus-nb-wmi/input/input8/event6"
[    37.647] (II) XINPUT: Adding extended input device "Asus WMI hotkeys" (type: KEYBOARD, id 15)
[    37.647] (**) Option "xkb_layout" "us"
[    37.648] (II) event6  - Asus WMI hotkeys: is tagged by udev as: Keyboard
[    37.648] (II) event6  - Asus WMI hotkeys: device is a keyboard
[    37.649] (II) config/udev: Adding input device AT Translated Set 2 keyboard (/dev/input/event4)
[    37.649] (**) AT Translated Set 2 keyboard: Applying InputClass "libinput keyboard catchall"
[    37.649] (**) AT Translated Set 2 keyboard: Applying InputClass "system-keyboard"
[    37.649] (II) Using input driver 'libinput' for 'AT Translated Set 2 keyboard'
[    37.650] (II) systemd-logind: got fd for /dev/input/event4 13:68 fd 38 paused 0
[    37.651] (**) AT Translated Set 2 keyboard: always reports core events
[    37.651] (**) Option "Device" "/dev/input/event4"
[    37.652] (II) event4  - AT Translated Set 2 keyboard: is tagged by udev as: Keyboard
[    37.652] (II) event4  - AT Translated Set 2 keyboard: device is a keyboard
[    37.653] (II) event4  - AT Translated Set 2 keyboard: device removed
[    37.653] (**) Option "config_info" "udev:/sys/devices/platform/i8042/serio0/input/input4/event4"
[    37.653] (II) XINPUT: Adding extended input device "AT Translated Set 2 keyboard" (type: KEYBOARD, id 16)
[    37.653] (**) Option "xkb_layout" "us"
[    37.654] (II) event4  - AT Translated Set 2 keyboard: is tagged by udev as: Keyboard
[    37.654] (II) event4  - AT Translated Set 2 keyboard: device is a keyboard
[    37.667] (**) SIGMACHIP USB Keyboard Consumer Control: Applying InputClass "libinput keyboard catchall"
[    37.667] (**) SIGMACHIP USB Keyboard Consumer Control: Applying InputClass "system-keyboard"
[    37.667] (II) Using input driver 'libinput' for 'SIGMACHIP USB Keyboard Consumer Control'
[    37.667] (II) systemd-logind: returning pre-existing fd for /dev/input/event12 13:76
[    37.667] (**) SIGMACHIP USB Keyboard Consumer Control: always reports core events
[    37.667] (**) Option "Device" "/dev/input/event12"
[    37.667] (II) libinput: SIGMACHIP USB Keyboard Consumer Control: is a virtual subdevice
[    37.667] (**) Option "config_info" "udev:/sys/devices/pci0000:00/0000:00:08.1/0000:03:00.3/usb1/1-3/1-3:1.1/0003:1C4F:0002.0004/input/input14/event12"
[    37.667] (II) XINPUT: Adding extended input device "SIGMACHIP USB Keyboard Consumer Control" (type: KEYBOARD, id 17)
[    37.667] (**) Option "xkb_layout" "us"
[    37.753] (II) modeset(0): Disabling kernel dirty updates, not required.
[    37.849] (II) modeset(0): EDID vendor "BOE", prod id 2307
[    37.849] (II) modeset(0): Printing DDC gathered Modelines:
[    37.849] (II) modeset(0): Modeline "1920x1080"x0.0  155.21  1920 1968 2000 2230  1080 1083 1089 1160 +hsync -vsync (69.6 kHz eP)
[   714.055] (II) modeset(0): EDID vendor "BOE", prod id 2307
[   714.055] (II) modeset(0): Printing DDC gathered Modelines:
[   714.055] (II) modeset(0): Modeline "1920x1080"x0.0  155.21  1920 1968 2000 2230  1080 1083 1089 1160 +hsync -vsync (69.6 kHz eP)
